<?xml version="1.0" encoding="UTF-8"?>
<!-- Generated by org.testng.reporters.JUnitXMLReporter -->
<testsuite ignored="0" hostname="Johnny" failures="0" tests="10" name="chromeTest" time="188.512" errors="0" timestamp="2026-08-09T01:01:14 EDT">
  <testcase classname="testCases.TC01_LaunchApplication" name="testLaunchApplication" time="0.142"/>
  <testcase classname="testCases.TC03_AddToCart" name="testAddToCart" time="10.194"/>
  <testcase classname="testCases.TC05_AddToWishList" name="testAddToWishList" time="13.911"/>
  <testcase classname="testCases.TC06_AddAffiliate" name="testAddAffiliate" time="15.393"/>
  <testcase classname="testCases.TC02_Login" name="testLogin" time="6.491"/>
  <testcase classname="testCases.TC02_Login" name="testLogin" time="4.682"/>
  <testcase classname="testCases.TC02_Login" name="testLogin" time="5.504"/>
  <testcase classname="testCases.TC02_Login" name="testLogin" time="4.704"/>
  <testcase classname="testCases.TC02_Login" name="testLogin" time="5.021"/>
  <testcase classname="testCases.TC04_CompletePurchase" name="testCompletePurchase" time="18.716"/>
</testsuite> <!-- chromeTest -->
