<?xml version="1.0" encoding="UTF-8"?>
<!-- Generated by org.testng.reporters.JUnitXMLReporter -->
<testsuite ignored="0" hostname="Johnny" failures="0" tests="10" name="edgeTest" time="188.6" errors="0" timestamp="2026-08-09T01:01:14 EDT">
  <testcase classname="testCases.TC01_LaunchApplication" name="testLaunchApplication" time="0.742"/>
  <testcase classname="testCases.TC03_AddToCart" name="testAddToCart" time="9.755"/>
  <testcase classname="testCases.TC05_AddToWishList" name="testAddToWishList" time="13.214"/>
  <testcase classname="testCases.TC06_AddAffiliate" name="testAddAffiliate" time="16.858"/>
  <testcase classname="testCases.TC02_Login" name="testLogin" time="6.505"/>
  <testcase classname="testCases.TC02_Login" name="testLogin" time="4.564"/>
  <testcase classname="testCases.TC02_Login" name="testLogin" time="5.524"/>
  <testcase classname="testCases.TC02_Login" name="testLogin" time="5.108"/>
  <testcase classname="testCases.TC02_Login" name="testLogin" time="4.493"/>
  <testcase classname="testCases.TC04_CompletePurchase" name="testCompletePurchase" time="21.945"/>
</testsuite> <!-- edgeTest -->
