<?xml version="1.0" encoding="UTF-8"?>
<!-- Generated by org.testng.reporters.JUnitXMLReporter -->
<testsuite ignored="0" hostname="Johnny" failures="0" tests="10" name="Test" time="134.239" errors="0" timestamp="2026-08-05T15:04:16 EDT">
  <testcase classname="testCases.TC01_LaunchApplication" name="testLaunchApplication" time="0.348"/>
  <testcase classname="testCases.TC03_AddToCart" name="testAddToCart" time="7.631"/>
  <testcase classname="testCases.TC05_AddToWishList" name="testAddToWishList1" time="10.815"/>
  <testcase classname="testCases.TC06_AddAffiliate" name="testAddAffiliate" time="6.539"/>
  <testcase classname="testCases.TC02_Login" name="testLogin" time="3.382"/>
  <testcase classname="testCases.TC02_Login" name="testLogin" time="3.365"/>
  <testcase classname="testCases.TC02_Login" name="testLogin" time="3.635"/>
  <testcase classname="testCases.TC02_Login" name="testLogin" time="3.58"/>
  <testcase classname="testCases.TC02_Login" name="testLogin" time="3.238"/>
  <testcase classname="testCases.TC04_CompletePurchase" name="testCompletePurchase" time="5.45"/>
</testsuite> <!-- Test -->
