<?xml version="1.0" encoding="UTF-8"?>
<!-- Generated by org.testng.reporters.JUnitXMLReporter -->
<testsuite ignored="0" hostname="Johnny" failures="0" tests="10" name="chromeTest" time="249.027" errors="0" timestamp="2026-08-10T19:53:20 EDT">
  <testcase classname="testCases.TC01_LaunchApplication" name="testLaunchApplication" time="0.713"/>
  <testcase classname="testCases.TC03_AddToCart" name="testAddToCart" time="16.262"/>
  <testcase classname="testCases.TC05_AddToWishList" name="testAddToWishList" time="15.594"/>
  <testcase classname="testCases.TC06_AddAffiliate" name="testAddAffiliate" time="13.281"/>
  <testcase classname="testCases.TC02_Login" name="testLogin" time="7.362"/>
  <testcase classname="testCases.TC02_Login" name="testLogin" time="4.784"/>
  <testcase classname="testCases.TC02_Login" name="testLogin" time="4.682"/>
  <testcase classname="testCases.TC02_Login" name="testLogin" time="4.454"/>
  <testcase classname="testCases.TC02_Login" name="testLogin" time="3.483"/>
  <testcase classname="testCases.TC04_CompletePurchase" name="testCompletePurchase" time="33.401"/>
</testsuite> <!-- chromeTest -->
