<?xml version="1.0" encoding="UTF-8"?>
<!-- Generated by org.testng.reporters.JUnitXMLReporter -->
<testsuite ignored="0" hostname="Johnny" failures="0" tests="10" name="edgeTest" time="248.912" errors="0" timestamp="2026-08-10T19:53:20 EDT">
  <testcase classname="testCases.TC01_LaunchApplication" name="testLaunchApplication" time="0.316"/>
  <testcase classname="testCases.TC03_AddToCart" name="testAddToCart" time="13.549"/>
  <testcase classname="testCases.TC05_AddToWishList" name="testAddToWishList" time="16.114"/>
  <testcase classname="testCases.TC06_AddAffiliate" name="testAddAffiliate" time="13.117"/>
  <testcase classname="testCases.TC02_Login" name="testLogin" time="10.702"/>
  <testcase classname="testCases.TC02_Login" name="testLogin" time="7.54"/>
  <testcase classname="testCases.TC02_Login" name="testLogin" time="5.974"/>
  <testcase classname="testCases.TC02_Login" name="testLogin" time="5.076"/>
  <testcase classname="testCases.TC02_Login" name="testLogin" time="4.679"/>
  <testcase classname="testCases.TC04_CompletePurchase" name="testCompletePurchase" time="43.936"/>
</testsuite> <!-- edgeTest -->
