<?xml version="1.0" encoding="UTF-8"?>
<testsuite xmlns:xsi="http://www.w3.org/2001/XMLSchema-instance" xsi:noNamespaceSchemaLocation="https://maven.apache.org/surefire/maven-surefire-plugin/xsd/surefire-test-report.xsd" version="3.0.2" name="TestSuite" time="255.651" tests="20" errors="0" skipped="0" failures="0">
  <properties>
[...]
</properties>
  <testcase name="testLaunchApplication" classname="testCases.TC01_LaunchApplication" time="0.926">
    <system-out><![CDATA[2026-08-10 19:49:09 [main] DEBUG org.testng.TestNG - suiteXmlPath: "c:\Workspace\July2026Batch\NinjaV6\testng.xml"
2026-08-10 19:49:11 [TestNG-tests-2] INFO  testBase.BaseClass - ========== Test Execution Started ==========
2026-08-10 19:49:11 [TestNG-tests-1] INFO  testBase.BaseClass - ========== Test Execution Started ==========
2026-08-10 19:49:11 [TestNG-tests-2] DEBUG testBase.BaseClass - Operating System: windows
2026-08-10 19:49:11 [TestNG-tests-1] DEBUG testBase.BaseClass - Operating System: windows
2026-08-10 19:49:11 [TestNG-tests-2] DEBUG testBase.BaseClass - Browser Parameter Received: edge
2026-08-10 19:49:11 [TestNG-tests-1] DEBUG testBase.BaseClass - Browser Parameter Received: chrome
2026-08-10 19:49:11 [TestNG-tests-2] DEBUG testBase.BaseClass - Loading config.properties file
2026-08-10 19:49:11 [TestNG-tests-1] DEBUG testBase.BaseClass - Loading config.properties file
2026-08-10 19:49:26 [TestNG-tests-1] DEBUG testBase.BaseClass - WebDriver instance set to ThreadLocal
2026-08-10 19:49:27 [TestNG-tests-1] DEBUG testBase.BaseClass - Implicit wait set to 10 seconds
2026-08-10 19:49:27 [TestNG-tests-1] INFO  testBase.BaseClass - Navigating to application URL: https://cloudberrystore.services
2026-08-10 19:49:31 [TestNG-tests-1] DEBUG testBase.BaseClass - Browser window maximized
2026-08-10 19:49:33 [TestNG-tests-1] INFO  testBase.BaseClass - ===== TC01_LaunchApplication STARTED =====
2026-08-10 19:49:33 [TestNG-tests-1] DEBUG testBase.BaseClass - Initializing HomePage object using ThreadLocal driver
2026-08-10 19:49:33 [TestNG-tests-1] DEBUG testBase.BaseClass - HomePage object created: HomePage
2026-08-10 19:49:33 [TestNG-tests-1] DEBUG testBase.BaseClass - Fetching page title...
2026-08-10 19:49:33 [TestNG-tests-1] INFO  testBase.BaseClass - Page title captured: Your store of fun
2026-08-10 19:49:33 [TestNG-tests-1] DEBUG testBase.BaseClass - Validating page title matches expected value...
2026-08-10 19:49:33 [TestNG-tests-1] INFO  testBase.BaseClass - ✅ Assertion PASSED: Title matched expected value
2026-08-10 19:49:33 [TestNG-tests-1] INFO  testBase.BaseClass - ===== TC01_LaunchApplication FINISHED =====
]]></system-out>
    <system-err><![CDATA[Aug 10, 2026 7:49:11 PM org.openqa.selenium.remote.tracing.opentelemetry.OpenTelemetryTracer createTracer
INFO: Using OpenTelemetry for tracing
]]></system-err>
  </testcase>
  <testcase name="testLaunchApplication" classname="testCases.TC01_LaunchApplication" time="0.329">
    <system-out><![CDATA[2026-08-10 19:49:33 [TestNG-tests-1] INFO  testBase.BaseClass - ========== Test Execution Completed ==========
2026-08-10 19:49:33 [TestNG-tests-1] INFO  testBase.BaseClass - Closing browser and quitting WebDriver
2026-08-10 19:49:39 [TestNG-tests-2] DEBUG testBase.BaseClass - WebDriver instance set to ThreadLocal
2026-08-10 19:49:39 [TestNG-tests-2] DEBUG testBase.BaseClass - Implicit wait set to 10 seconds
2026-08-10 19:49:39 [TestNG-tests-2] INFO  testBase.BaseClass - Navigating to application URL: https://cloudberrystore.services
2026-08-10 19:49:43 [TestNG-tests-2] DEBUG testBase.BaseClass - Browser window maximized
2026-08-10 19:49:43 [TestNG-tests-2] INFO  testBase.BaseClass - ===== TC01_LaunchApplication STARTED =====
2026-08-10 19:49:43 [TestNG-tests-2] DEBUG testBase.BaseClass - Initializing HomePage object using ThreadLocal driver
2026-08-10 19:49:43 [TestNG-tests-2] DEBUG testBase.BaseClass - HomePage object created: HomePage
2026-08-10 19:49:43 [TestNG-tests-2] DEBUG testBase.BaseClass - Fetching page title...
2026-08-10 19:49:43 [TestNG-tests-2] INFO  testBase.BaseClass - Page title captured: Your store of fun
2026-08-10 19:49:43 [TestNG-tests-2] DEBUG testBase.BaseClass - Validating page title matches expected value...
2026-08-10 19:49:43 [TestNG-tests-2] INFO  testBase.BaseClass - ✅ Assertion PASSED: Title matched expected value
2026-08-10 19:49:43 [TestNG-tests-2] INFO  testBase.BaseClass - ===== TC01_LaunchApplication FINISHED =====
]]></system-out>
  </testcase>
  <testcase name="testAddToCart" classname="testCases.TC03_AddToCart" time="13.551">
    <system-out><![CDATA[2026-08-10 19:49:43 [TestNG-tests-2] INFO  testBase.BaseClass - ========== Test Execution Completed ==========
2026-08-10 19:49:43 [TestNG-tests-2] INFO  testBase.BaseClass - Closing browser and quitting WebDriver
2026-08-10 19:49:46 [TestNG-tests-1] INFO  testBase.BaseClass - ========== Test Execution Started ==========
2026-08-10 19:49:46 [TestNG-tests-1] DEBUG testBase.BaseClass - Operating System: windows
2026-08-10 19:49:46 [TestNG-tests-1] DEBUG testBase.BaseClass - Browser Parameter Received: chrome
2026-08-10 19:49:46 [TestNG-tests-1] DEBUG testBase.BaseClass - Loading config.properties file
2026-08-10 19:49:46 [TestNG-tests-2] INFO  testBase.BaseClass - ========== Test Execution Started ==========
2026-08-10 19:49:46 [TestNG-tests-2] DEBUG testBase.BaseClass - Operating System: windows
2026-08-10 19:49:46 [TestNG-tests-2] DEBUG testBase.BaseClass - Browser Parameter Received: edge
2026-08-10 19:49:46 [TestNG-tests-2] DEBUG testBase.BaseClass - Loading config.properties file
2026-08-10 19:49:55 [TestNG-tests-1] DEBUG testBase.BaseClass - WebDriver instance set to ThreadLocal
2026-08-10 19:49:55 [TestNG-tests-1] DEBUG testBase.BaseClass - Implicit wait set to 10 seconds
2026-08-10 19:49:55 [TestNG-tests-1] INFO  testBase.BaseClass - Navigating to application URL: https://cloudberrystore.services
2026-08-10 19:49:57 [TestNG-tests-2] DEBUG testBase.BaseClass - WebDriver instance set to ThreadLocal
2026-08-10 19:49:57 [TestNG-tests-2] DEBUG testBase.BaseClass - Implicit wait set to 10 seconds
2026-08-10 19:49:57 [TestNG-tests-2] INFO  testBase.BaseClass - Navigating to application URL: https://cloudberrystore.services
2026-08-10 19:50:02 [TestNG-tests-2] DEBUG testBase.BaseClass - Browser window maximized
2026-08-10 19:50:02 [TestNG-tests-2] INFO  testBase.BaseClass - ===== TC03_AddToCart STARTED =====
2026-08-10 19:50:02 [TestNG-tests-2] DEBUG testBase.BaseClass - Initializing CategoryPage
2026-08-10 19:50:02 [TestNG-tests-2] INFO  testBase.BaseClass - Clicking Laptops & Notebooks category
2026-08-10 19:50:05 [TestNG-tests-2] INFO  testBase.BaseClass - Clicking Show All
2026-08-10 19:50:07 [TestNG-tests-2] DEBUG testBase.BaseClass - Waiting briefly for products to load (Thread.sleep)
2026-08-10 19:50:08 [TestNG-tests-2] INFO  testBase.BaseClass - Selecting HP product
2026-08-10 19:50:11 [TestNG-tests-2] DEBUG testBase.BaseClass - Initializing ProductPage
2026-08-10 19:50:12 [TestNG-tests-2] INFO  testBase.BaseClass - Setting delivery date
2026-08-10 19:50:13 [TestNG-tests-2] INFO  testBase.BaseClass - Clicking Add to Cart
2026-08-10 19:50:16 [TestNG-tests-2] INFO  testBase.BaseClass - Success message displayed: true
2026-08-10 19:50:16 [TestNG-tests-2] DEBUG testBase.BaseClass - Asserting Add to Cart success message is displayed
2026-08-10 19:50:16 [TestNG-tests-2] INFO  testBase.BaseClass - ✅ Assertion PASSED: Product added to cart successfully
2026-08-10 19:50:16 [TestNG-tests-2] INFO  testBase.BaseClass - ===== TC03_AddToCart FINISHED =====
]]></system-out>
  </testcase>
  <testcase name="testAddToCart" classname="testCases.TC03_AddToCart" time="2.108">
    <system-out><![CDATA[2026-08-10 19:50:16 [TestNG-tests-2] INFO  testBase.BaseClass - ========== Test Execution Completed ==========
2026-08-10 19:50:16 [TestNG-tests-2] INFO  testBase.BaseClass - Closing browser and quitting WebDriver
2026-08-10 19:50:16 [TestNG-tests-1] DEBUG testBase.BaseClass - Browser window maximized
2026-08-10 19:50:16 [TestNG-tests-1] INFO  testBase.BaseClass - ===== TC03_AddToCart STARTED =====
2026-08-10 19:50:16 [TestNG-tests-1] DEBUG testBase.BaseClass - Initializing CategoryPage
2026-08-10 19:50:16 [TestNG-tests-1] INFO  testBase.BaseClass - Clicking Laptops & Notebooks category
2026-08-10 19:50:18 [TestNG-tests-1] INFO  testBase.BaseClass - Clicking Show All
2026-08-10 19:50:19 [TestNG-tests-2] INFO  testBase.BaseClass - ========== Test Execution Started ==========
2026-08-10 19:50:19 [TestNG-tests-2] DEBUG testBase.BaseClass - Operating System: windows
2026-08-10 19:50:19 [TestNG-tests-2] DEBUG testBase.BaseClass - Browser Parameter Received: edge
2026-08-10 19:50:19 [TestNG-tests-2] DEBUG testBase.BaseClass - Loading config.properties file
2026-08-10 19:50:20 [TestNG-tests-1] DEBUG testBase.BaseClass - Waiting briefly for products to load (Thread.sleep)
2026-08-10 19:50:20 [TestNG-tests-1] INFO  testBase.BaseClass - Selecting HP product
2026-08-10 19:50:27 [TestNG-tests-1] DEBUG testBase.BaseClass - Initializing ProductPage
2026-08-10 19:50:27 [TestNG-tests-1] INFO  testBase.BaseClass - Setting delivery date
2026-08-10 19:50:28 [TestNG-tests-2] DEBUG testBase.BaseClass - WebDriver instance set to ThreadLocal
2026-08-10 19:50:28 [TestNG-tests-2] DEBUG testBase.BaseClass - Implicit wait set to 10 seconds
2026-08-10 19:50:28 [TestNG-tests-2] INFO  testBase.BaseClass - Navigating to application URL: https://cloudberrystore.services
2026-08-10 19:50:29 [TestNG-tests-1] INFO  testBase.BaseClass - Clicking Add to Cart
2026-08-10 19:50:30 [TestNG-tests-2] DEBUG testBase.BaseClass - Browser window maximized
2026-08-10 19:50:30 [TestNG-tests-2] INFO  testBase.BaseClass - ===== TC05_AddToWishList STARTED =====
2026-08-10 19:50:30 [TestNG-tests-2] DEBUG testBase.BaseClass - Initializing HomePage
2026-08-10 19:50:30 [TestNG-tests-2] INFO  testBase.BaseClass - Clicking My Account
2026-08-10 19:50:33 [TestNG-tests-1] INFO  testBase.BaseClass - Success message displayed: true
2026-08-10 19:50:33 [TestNG-tests-1] DEBUG testBase.BaseClass - Asserting Add to Cart success message is displayed
2026-08-10 19:50:33 [TestNG-tests-1] INFO  testBase.BaseClass - ✅ Assertion PASSED: Product added to cart successfully
2026-08-10 19:50:33 [TestNG-tests-1] INFO  testBase.BaseClass - ===== TC03_AddToCart FINISHED =====
]]></system-out>
  </testcase>
  <testcase name="testAddToWishList" classname="testCases.TC05_AddToWishList" time="0.575">
    <system-out><![CDATA[2026-08-10 19:50:33 [TestNG-tests-1] INFO  testBase.BaseClass - ========== Test Execution Completed ==========
2026-08-10 19:50:33 [TestNG-tests-1] INFO  testBase.BaseClass - Closing browser and quitting WebDriver
2026-08-10 19:50:34 [TestNG-tests-2] INFO  testBase.BaseClass - Navigating to Login page
2026-08-10 19:50:35 [TestNG-tests-2] DEBUG testBase.BaseClass - Initializing LoginPage
2026-08-10 19:50:35 [TestNG-tests-2] INFO  testBase.BaseClass - Entering email
2026-08-10 19:50:35 [TestNG-tests-2] INFO  testBase.BaseClass - Entering password
2026-08-10 19:50:36 [TestNG-tests-2] INFO  testBase.BaseClass - Submitting login
2026-08-10 19:50:36 [TestNG-tests-2] DEBUG testBase.BaseClass - Initializing CategoryPage
2026-08-10 19:50:36 [TestNG-tests-2] INFO  testBase.BaseClass - Clicking Laptops & Notebooks category
2026-08-10 19:50:37 [TestNG-tests-1] INFO  testBase.BaseClass - ========== Test Execution Started ==========
2026-08-10 19:50:37 [TestNG-tests-1] DEBUG testBase.BaseClass - Operating System: windows
2026-08-10 19:50:37 [TestNG-tests-1] DEBUG testBase.BaseClass - Browser Parameter Received: chrome
2026-08-10 19:50:37 [TestNG-tests-1] DEBUG testBase.BaseClass - Loading config.properties file
2026-08-10 19:50:38 [TestNG-tests-2] INFO  testBase.BaseClass - Clicking Show All products
2026-08-10 19:50:39 [TestNG-tests-2] DEBUG testBase.BaseClass - Waiting briefly for products to load
2026-08-10 19:50:40 [TestNG-tests-2] INFO  testBase.BaseClass - Selecting HP product
2026-08-10 19:50:43 [TestNG-tests-1] DEBUG testBase.BaseClass - WebDriver instance set to ThreadLocal
2026-08-10 19:50:43 [TestNG-tests-1] DEBUG testBase.BaseClass - Implicit wait set to 10 seconds
2026-08-10 19:50:43 [TestNG-tests-1] INFO  testBase.BaseClass - Navigating to application URL: https://cloudberrystore.services
2026-08-10 19:50:45 [TestNG-tests-2] DEBUG testBase.BaseClass - Initializing ProductPage
2026-08-10 19:50:45 [TestNG-tests-2] INFO  testBase.BaseClass - Clicking Add to Wishlist
2026-08-10 19:50:46 [TestNG-tests-1] DEBUG testBase.BaseClass - Browser window maximized
2026-08-10 19:50:46 [TestNG-tests-1] INFO  testBase.BaseClass - ===== TC05_AddToWishList STARTED =====
2026-08-10 19:50:46 [TestNG-tests-1] DEBUG testBase.BaseClass - Initializing HomePage
2026-08-10 19:50:46 [TestNG-tests-1] INFO  testBase.BaseClass - Clicking My Account
2026-08-10 19:50:47 [TestNG-tests-2] INFO  testBase.BaseClass - Wishlist success message displayed: true
2026-08-10 19:50:47 [TestNG-tests-2] DEBUG testBase.BaseClass - Asserting wishlist success message
2026-08-10 19:50:47 [TestNG-tests-2] INFO  testBase.BaseClass - ✅ Assertion PASSED: Product added to wishlist
2026-08-10 19:50:47 [TestNG-tests-2] INFO  testBase.BaseClass - ===== TC05_AddToWishList FINISHED =====
]]></system-out>
  </testcase>
  <testcase name="testAddToWishList" classname="testCases.TC05_AddToWishList" time="3.985">
    <system-out><![CDATA[2026-08-10 19:50:47 [TestNG-tests-2] INFO  testBase.BaseClass - ========== Test Execution Completed ==========
2026-08-10 19:50:47 [TestNG-tests-2] INFO  testBase.BaseClass - Closing browser and quitting WebDriver
2026-08-10 19:50:48 [TestNG-tests-1] INFO  testBase.BaseClass - Navigating to Login page
2026-08-10 19:50:50 [TestNG-tests-1] DEBUG testBase.BaseClass - Initializing LoginPage
2026-08-10 19:50:50 [TestNG-tests-1] INFO  testBase.BaseClass - Entering email
2026-08-10 19:50:50 [TestNG-tests-1] INFO  testBase.BaseClass - Entering password
2026-08-10 19:50:50 [TestNG-tests-1] INFO  testBase.BaseClass - Submitting login
2026-08-10 19:50:51 [TestNG-tests-1] DEBUG testBase.BaseClass - Initializing CategoryPage
2026-08-10 19:50:51 [TestNG-tests-1] INFO  testBase.BaseClass - Clicking Laptops & Notebooks category
2026-08-10 19:50:51 [TestNG-tests-2] INFO  testBase.BaseClass - ========== Test Execution Started ==========
2026-08-10 19:50:51 [TestNG-tests-2] DEBUG testBase.BaseClass - Operating System: windows
2026-08-10 19:50:51 [TestNG-tests-2] DEBUG testBase.BaseClass - Browser Parameter Received: edge
2026-08-10 19:50:51 [TestNG-tests-2] DEBUG testBase.BaseClass - Loading config.properties file
2026-08-10 19:50:55 [TestNG-tests-2] DEBUG testBase.BaseClass - WebDriver instance set to ThreadLocal
2026-08-10 19:50:55 [TestNG-tests-2] DEBUG testBase.BaseClass - Implicit wait set to 10 seconds
2026-08-10 19:50:55 [TestNG-tests-2] INFO  testBase.BaseClass - Navigating to application URL: https://cloudberrystore.services
2026-08-10 19:50:56 [TestNG-tests-1] INFO  testBase.BaseClass - Clicking Show All products
2026-08-10 19:50:57 [TestNG-tests-1] DEBUG testBase.BaseClass - Waiting briefly for products to load
2026-08-10 19:50:58 [TestNG-tests-2] DEBUG testBase.BaseClass - Browser window maximized
2026-08-10 19:50:58 [TestNG-tests-2] INFO  testBase.BaseClass - ===== TC06_AddAffiliate STARTED =====
2026-08-10 19:50:58 [TestNG-tests-2] DEBUG testBase.BaseClass - Initializing HomePage
2026-08-10 19:50:58 [TestNG-tests-2] INFO  testBase.BaseClass - Clicking My Account
2026-08-10 19:50:58 [TestNG-tests-1] INFO  testBase.BaseClass - Selecting HP product
2026-08-10 19:50:59 [TestNG-tests-2] INFO  testBase.BaseClass - Navigating to Login page
2026-08-10 19:51:00 [TestNG-tests-2] DEBUG testBase.BaseClass - Initializing LoginPage
2026-08-10 19:51:00 [TestNG-tests-2] INFO  testBase.BaseClass - Entering email
2026-08-10 19:51:01 [TestNG-tests-1] DEBUG testBase.BaseClass - Initializing ProductPage
2026-08-10 19:51:01 [TestNG-tests-1] INFO  testBase.BaseClass - Clicking Add to Wishlist
2026-08-10 19:51:01 [TestNG-tests-2] INFO  testBase.BaseClass - Entering password
2026-08-10 19:51:01 [TestNG-tests-2] INFO  testBase.BaseClass - Submitting login
2026-08-10 19:51:02 [TestNG-tests-1] INFO  testBase.BaseClass - Wishlist success message displayed: true
2026-08-10 19:51:02 [TestNG-tests-1] DEBUG testBase.BaseClass - Asserting wishlist success message
2026-08-10 19:51:02 [TestNG-tests-1] INFO  testBase.BaseClass - ✅ Assertion PASSED: Product added to wishlist
2026-08-10 19:51:02 [TestNG-tests-1] INFO  testBase.BaseClass - ===== TC05_AddToWishList FINISHED =====
]]></system-out>
  </testcase>
  <testcase name="testAddAffiliate" classname="testCases.TC06_AddAffiliate" time="13.107">
    <system-out><![CDATA[2026-08-10 19:51:02 [TestNG-tests-1] INFO  testBase.BaseClass - ========== Test Execution Completed ==========
2026-08-10 19:51:02 [TestNG-tests-1] INFO  testBase.BaseClass - Closing browser and quitting WebDriver
2026-08-10 19:51:02 [TestNG-tests-2] DEBUG testBase.BaseClass - Initializing AffiliatePage
2026-08-10 19:51:02 [TestNG-tests-2] INFO  testBase.BaseClass - Navigating to Affiliate form
>>> Waiting for Affiliate link
>>> Affiliate link found
>>> About to click Affiliate
>>> Affiliate click completed
2026-08-10 19:51:04 [TestNG-tests-2] INFO  testBase.BaseClass - Filling Affiliate details
2026-08-10 19:51:04 [TestNG-tests-1] INFO  testBase.BaseClass - ========== Test Execution Started ==========
2026-08-10 19:51:04 [TestNG-tests-1] DEBUG testBase.BaseClass - Operating System: windows
2026-08-10 19:51:04 [TestNG-tests-1] DEBUG testBase.BaseClass - Browser Parameter Received: chrome
2026-08-10 19:51:04 [TestNG-tests-1] DEBUG testBase.BaseClass - Loading config.properties file
2026-08-10 19:51:09 [TestNG-tests-1] DEBUG testBase.BaseClass - WebDriver instance set to ThreadLocal
2026-08-10 19:51:09 [TestNG-tests-1] DEBUG testBase.BaseClass - Implicit wait set to 10 seconds
2026-08-10 19:51:09 [TestNG-tests-1] INFO  testBase.BaseClass - Navigating to application URL: https://cloudberrystore.services
2026-08-10 19:51:11 [TestNG-tests-2] INFO  testBase.BaseClass - Affiliate added status: true
2026-08-10 19:51:11 [TestNG-tests-2] DEBUG testBase.BaseClass - Asserting affiliate addition
2026-08-10 19:51:11 [TestNG-tests-2] INFO  testBase.BaseClass - ✅ Assertion PASSED: Affiliate added successfully
2026-08-10 19:51:11 [TestNG-tests-2] INFO  testBase.BaseClass - ===== TC06_AddAffiliate FINISHED =====
]]></system-out>
  </testcase>
  <testcase name="testAddAffiliate" classname="testCases.TC06_AddAffiliate" time="13.364">
    <system-out><![CDATA[2026-08-10 19:51:11 [TestNG-tests-2] INFO  testBase.BaseClass - ========== Test Execution Completed ==========
2026-08-10 19:51:11 [TestNG-tests-2] INFO  testBase.BaseClass - Closing browser and quitting WebDriver
2026-08-10 19:51:12 [TestNG-tests-1] DEBUG testBase.BaseClass - Browser window maximized
2026-08-10 19:51:12 [TestNG-tests-1] INFO  testBase.BaseClass - ===== TC06_AddAffiliate STARTED =====
2026-08-10 19:51:12 [TestNG-tests-1] DEBUG testBase.BaseClass - Initializing HomePage
2026-08-10 19:51:12 [TestNG-tests-1] INFO  testBase.BaseClass - Clicking My Account
2026-08-10 19:51:13 [TestNG-tests-1] INFO  testBase.BaseClass - Navigating to Login page
2026-08-10 19:51:14 [TestNG-tests-1] DEBUG testBase.BaseClass - Initializing LoginPage
2026-08-10 19:51:14 [TestNG-tests-1] INFO  testBase.BaseClass - Entering email
2026-08-10 19:51:15 [TestNG-tests-1] INFO  testBase.BaseClass - Entering password
2026-08-10 19:51:15 [TestNG-tests-1] INFO  testBase.BaseClass - Submitting login
2026-08-10 19:51:16 [TestNG-tests-1] DEBUG testBase.BaseClass - Initializing AffiliatePage
2026-08-10 19:51:16 [TestNG-tests-1] INFO  testBase.BaseClass - Navigating to Affiliate form
>>> Waiting for Affiliate link
>>> Affiliate link found
>>> About to click Affiliate
>>> Affiliate click completed
2026-08-10 19:51:18 [TestNG-tests-1] INFO  testBase.BaseClass - Filling Affiliate details
2026-08-10 19:51:20 [TestNG-tests-2] INFO  testBase.BaseClass - ========== Test Execution Started ==========
2026-08-10 19:51:20 [TestNG-tests-2] DEBUG testBase.BaseClass - Operating System: windows
2026-08-10 19:51:20 [TestNG-tests-2] DEBUG testBase.BaseClass - Browser Parameter Received: edge
2026-08-10 19:51:20 [TestNG-tests-2] DEBUG testBase.BaseClass - Loading config.properties file
2026-08-10 19:51:26 [TestNG-tests-1] INFO  testBase.BaseClass - Affiliate added status: true
2026-08-10 19:51:26 [TestNG-tests-1] DEBUG testBase.BaseClass - Asserting affiliate addition
2026-08-10 19:51:26 [TestNG-tests-1] INFO  testBase.BaseClass - ✅ Assertion PASSED: Affiliate added successfully
2026-08-10 19:51:26 [TestNG-tests-1] INFO  testBase.BaseClass - ===== TC06_AddAffiliate FINISHED =====
]]></system-out>
  </testcase>
  <testcase name="testLogin[smitasharma.qa@gmail.com, ss*QA123](1)" classname="testCases.TC02_Login" time="10.787">
    <system-out><![CDATA[2026-08-10 19:51:26 [TestNG-tests-1] INFO  testBase.BaseClass - ========== Test Execution Completed ==========
2026-08-10 19:51:26 [TestNG-tests-1] INFO  testBase.BaseClass - Closing browser and quitting WebDriver
2026-08-10 19:51:28 [TestNG-tests-2] DEBUG testBase.BaseClass - WebDriver instance set to ThreadLocal
2026-08-10 19:51:28 [TestNG-tests-2] DEBUG testBase.BaseClass - Implicit wait set to 10 seconds
2026-08-10 19:51:28 [TestNG-tests-2] INFO  testBase.BaseClass - Navigating to application URL: https://cloudberrystore.services
2026-08-10 19:51:31 [TestNG-tests-2] DEBUG testBase.BaseClass - Browser window maximized
2026-08-10 19:51:33 [TestNG-tests-2] DEBUG org.apache.poi.openxml4j.opc.PackageRelationshipCollection - Parsing relationship: /xl/_rels/workbook.xml.rels
2026-08-10 19:51:33 [TestNG-tests-2] DEBUG org.apache.poi.openxml4j.opc.PackageRelationshipCollection - Parsing relationship: /xl/worksheets/_rels/sheet1.xml.rels
2026-08-10 19:51:33 [TestNG-tests-2] DEBUG org.apache.poi.openxml4j.opc.PackageRelationshipCollection - Parsing relationship: /_rels/.rels
2026-08-10 19:51:36 [TestNG-tests-2] DEBUG org.apache.poi.ooxml.POIXMLFactory - using default POIXMLDocumentPart for http://schemas.openxmlformats.org/officeDocument/2006/relationships/printerSettings
2026-08-10 19:51:37 [TestNG-tests-2] DEBUG org.apache.poi.openxml4j.opc.PackageRelationshipCollection - Parsing relationship: /xl/_rels/workbook.xml.rels
2026-08-10 19:51:37 [TestNG-tests-2] DEBUG org.apache.poi.openxml4j.opc.PackageRelationshipCollection - Parsing relationship: /xl/worksheets/_rels/sheet1.xml.rels
2026-08-10 19:51:37 [TestNG-tests-2] DEBUG org.apache.poi.openxml4j.opc.PackageRelationshipCollection - Parsing relationship: /_rels/.rels
2026-08-10 19:51:37 [TestNG-tests-2] DEBUG org.apache.poi.ooxml.POIXMLFactory - using default POIXMLDocumentPart for http://schemas.openxmlformats.org/officeDocument/2006/relationships/printerSettings
2026-08-10 19:51:37 [TestNG-tests-2] DEBUG org.apache.poi.openxml4j.opc.PackageRelationshipCollection - Parsing relationship: /xl/_rels/workbook.xml.rels
2026-08-10 19:51:37 [TestNG-tests-2] DEBUG org.apache.poi.openxml4j.opc.PackageRelationshipCollection - Parsing relationship: /xl/worksheets/_rels/sheet1.xml.rels
2026-08-10 19:51:37 [TestNG-tests-2] DEBUG org.apache.poi.openxml4j.opc.PackageRelationshipCollection - Parsing relationship: /_rels/.rels
2026-08-10 19:51:37 [TestNG-tests-2] DEBUG org.apache.poi.ooxml.POIXMLFactory - using default POIXMLDocumentPart for http://schemas.openxmlformats.org/officeDocument/2006/relationships/printerSettings
2026-08-10 19:51:37 [TestNG-tests-2] DEBUG org.apache.poi.openxml4j.opc.PackageRelationshipCollection - Parsing relationship: /xl/_rels/workbook.xml.rels
2026-08-10 19:51:37 [TestNG-tests-2] DEBUG org.apache.poi.openxml4j.opc.PackageRelationshipCollection - Parsing relationship: /xl/worksheets/_rels/sheet1.xml.rels
2026-08-10 19:51:37 [TestNG-tests-2] DEBUG org.apache.poi.openxml4j.opc.PackageRelationshipCollection - Parsing relationship: /_rels/.rels
2026-08-10 19:51:37 [TestNG-tests-2] DEBUG org.apache.poi.ooxml.POIXMLFactory - using default POIXMLDocumentPart for http://schemas.openxmlformats.org/officeDocument/2006/relationships/printerSettings
2026-08-10 19:51:37 [TestNG-tests-2] DEBUG org.apache.poi.openxml4j.opc.PackageRelationshipCollection - Parsing relationship: /xl/_rels/workbook.xml.rels
2026-08-10 19:51:37 [TestNG-tests-2] DEBUG org.apache.poi.openxml4j.opc.PackageRelationshipCollection - Parsing relationship: /xl/worksheets/_rels/sheet1.xml.rels
2026-08-10 19:51:37 [TestNG-tests-2] DEBUG org.apache.poi.openxml4j.opc.PackageRelationshipCollection - Parsing relationship: /_rels/.rels
2026-08-10 19:51:37 [TestNG-tests-2] DEBUG org.apache.poi.ooxml.POIXMLFactory - using default POIXMLDocumentPart for http://schemas.openxmlformats.org/officeDocument/2006/relationships/printerSettings
2026-08-10 19:51:37 [TestNG-tests-2] DEBUG org.apache.poi.openxml4j.opc.PackageRelationshipCollection - Parsing relationship: /xl/_rels/workbook.xml.rels
2026-08-10 19:51:37 [TestNG-tests-2] DEBUG org.apache.poi.openxml4j.opc.PackageRelationshipCollection - Parsing relationship: /xl/worksheets/_rels/sheet1.xml.rels
2026-08-10 19:51:37 [TestNG-tests-2] DEBUG org.apache.poi.openxml4j.opc.PackageRelationshipCollection - Parsing relationship: /_rels/.rels
2026-08-10 19:51:37 [TestNG-tests-2] DEBUG org.apache.poi.ooxml.POIXMLFactory - using default POIXMLDocumentPart for http://schemas.openxmlformats.org/officeDocument/2006/relationships/printerSettings
2026-08-10 19:51:37 [TestNG-tests-2] DEBUG org.apache.poi.openxml4j.opc.PackageRelationshipCollection - Parsing relationship: /xl/_rels/workbook.xml.rels
2026-08-10 19:51:37 [TestNG-tests-2] DEBUG org.apache.poi.openxml4j.opc.PackageRelationshipCollection - Parsing relationship: /xl/worksheets/_rels/sheet1.xml.rels
2026-08-10 19:51:37 [TestNG-tests-2] DEBUG org.apache.poi.openxml4j.opc.PackageRelationshipCollection - Parsing relationship: /_rels/.rels
2026-08-10 19:51:37 [TestNG-tests-2] DEBUG org.apache.poi.ooxml.POIXMLFactory - using default POIXMLDocumentPart for http://schemas.openxmlformats.org/officeDocument/2006/relationships/printerSettings
2026-08-10 19:51:37 [TestNG-tests-2] DEBUG org.apache.poi.openxml4j.opc.PackageRelationshipCollection - Parsing relationship: /xl/_rels/workbook.xml.rels
2026-08-10 19:51:37 [TestNG-tests-2] DEBUG org.apache.poi.openxml4j.opc.PackageRelationshipCollection - Parsing relationship: /xl/worksheets/_rels/sheet1.xml.rels
2026-08-10 19:51:37 [TestNG-tests-2] DEBUG org.apache.poi.openxml4j.opc.PackageRelationshipCollection - Parsing relationship: /_rels/.rels
2026-08-10 19:51:37 [TestNG-tests-2] DEBUG org.apache.poi.ooxml.POIXMLFactory - using default POIXMLDocumentPart for http://schemas.openxmlformats.org/officeDocument/2006/relationships/printerSettings
2026-08-10 19:51:37 [TestNG-tests-2] DEBUG org.apache.poi.openxml4j.opc.PackageRelationshipCollection - Parsing relationship: /xl/_rels/workbook.xml.rels
2026-08-10 19:51:37 [TestNG-tests-2] DEBUG org.apache.poi.openxml4j.opc.PackageRelationshipCollection - Parsing relationship: /xl/worksheets/_rels/sheet1.xml.rels
2026-08-10 19:51:37 [TestNG-tests-2] DEBUG org.apache.poi.openxml4j.opc.PackageRelationshipCollection - Parsing relationship: /_rels/.rels
2026-08-10 19:51:37 [TestNG-tests-2] DEBUG org.apache.poi.ooxml.POIXMLFactory - using default POIXMLDocumentPart for http://schemas.openxmlformats.org/officeDocument/2006/relationships/printerSettings
2026-08-10 19:51:37 [TestNG-tests-2] DEBUG org.apache.poi.openxml4j.opc.PackageRelationshipCollection - Parsing relationship: /xl/_rels/workbook.xml.rels
2026-08-10 19:51:37 [TestNG-tests-2] DEBUG org.apache.poi.openxml4j.opc.PackageRelationshipCollection - Parsing relationship: /xl/worksheets/_rels/sheet1.xml.rels
2026-08-10 19:51:37 [TestNG-tests-2] DEBUG org.apache.poi.openxml4j.opc.PackageRelationshipCollection - Parsing relationship: /_rels/.rels
2026-08-10 19:51:37 [TestNG-tests-2] DEBUG org.apache.poi.ooxml.POIXMLFactory - using default POIXMLDocumentPart for http://schemas.openxmlformats.org/officeDocument/2006/relationships/printerSettings
2026-08-10 19:51:37 [TestNG-tests-2] DEBUG org.apache.poi.openxml4j.opc.PackageRelationshipCollection - Parsing relationship: /xl/_rels/workbook.xml.rels
2026-08-10 19:51:37 [TestNG-tests-2] DEBUG org.apache.poi.openxml4j.opc.PackageRelationshipCollection - Parsing relationship: /xl/worksheets/_rels/sheet1.xml.rels
2026-08-10 19:51:37 [TestNG-tests-2] DEBUG org.apache.poi.openxml4j.opc.PackageRelationshipCollection - Parsing relationship: /_rels/.rels
2026-08-10 19:51:37 [TestNG-tests-2] DEBUG org.apache.poi.ooxml.POIXMLFactory - using default POIXMLDocumentPart for http://schemas.openxmlformats.org/officeDocument/2006/relationships/printerSettings
2026-08-10 19:51:37 [TestNG-tests-2] DEBUG org.apache.poi.openxml4j.opc.PackageRelationshipCollection - Parsing relationship: /xl/_rels/workbook.xml.rels
2026-08-10 19:51:37 [TestNG-tests-2] DEBUG org.apache.poi.openxml4j.opc.PackageRelationshipCollection - Parsing relationship: /xl/worksheets/_rels/sheet1.xml.rels
2026-08-10 19:51:37 [TestNG-tests-2] DEBUG org.apache.poi.openxml4j.opc.PackageRelationshipCollection - Parsing relationship: /_rels/.rels
2026-08-10 19:51:37 [TestNG-tests-2] DEBUG org.apache.poi.ooxml.POIXMLFactory - using default POIXMLDocumentPart for http://schemas.openxmlformats.org/officeDocument/2006/relationships/printerSettings
2026-08-10 19:51:38 [TestNG-tests-2] INFO  testBase.BaseClass - ===== TC02_Login STARTED =====
2026-08-10 19:51:38 [TestNG-tests-2] DEBUG testBase.BaseClass - Test data received -> Email: smitasharma.qa@gmail.com, Password length: 8
2026-08-10 19:51:38 [TestNG-tests-2] DEBUG testBase.BaseClass - Initializing HomePage
2026-08-10 19:51:38 [TestNG-tests-2] INFO  testBase.BaseClass - Clicking My Account
2026-08-10 19:51:38 [TestNG-tests-2] INFO  testBase.BaseClass - Navigating to Login page
2026-08-10 19:51:41 [TestNG-tests-1] INFO  testBase.BaseClass - ========== Test Execution Started ==========
2026-08-10 19:51:41 [TestNG-tests-1] DEBUG testBase.BaseClass - Operating System: windows
2026-08-10 19:51:41 [TestNG-tests-1] DEBUG testBase.BaseClass - Browser Parameter Received: chrome
2026-08-10 19:51:41 [TestNG-tests-1] DEBUG testBase.BaseClass - Loading config.properties file
2026-08-10 19:51:41 [TestNG-tests-2] DEBUG testBase.BaseClass - Initializing LoginPage
2026-08-10 19:51:41 [TestNG-tests-2] INFO  testBase.BaseClass - Entering email
2026-08-10 19:51:41 [TestNG-tests-2] INFO  testBase.BaseClass - Entering password
2026-08-10 19:51:42 [TestNG-tests-2] INFO  testBase.BaseClass - Clicking Login button
2026-08-10 19:51:43 [TestNG-tests-2] DEBUG testBase.BaseClass - Initializing AccountPage
2026-08-10 19:51:44 [TestNG-tests-2] INFO  testBase.BaseClass - MyAccount confirmation displayed: true
2026-08-10 19:51:44 [TestNG-tests-2] DEBUG testBase.BaseClass - Asserting login status
2026-08-10 19:51:44 [TestNG-tests-2] INFO  testBase.BaseClass - ✅ Login assertion PASSED
2026-08-10 19:51:44 [TestNG-tests-2] INFO  testBase.BaseClass - Performing logout
2026-08-10 19:51:47 [TestNG-tests-1] DEBUG testBase.BaseClass - WebDriver instance set to ThreadLocal
2026-08-10 19:51:47 [TestNG-tests-1] DEBUG testBase.BaseClass - Implicit wait set to 10 seconds
2026-08-10 19:51:47 [TestNG-tests-1] INFO  testBase.BaseClass - Navigating to application URL: https://cloudberrystore.services
2026-08-10 19:51:48 [TestNG-tests-2] INFO  testBase.BaseClass - Logout successful
2026-08-10 19:51:48 [TestNG-tests-2] INFO  testBase.BaseClass - ===== TC02_Login FINISHED =====
]]></system-out>
  </testcase>
  <testcase name="testLogin[smitasharma.qa@gmail.com, ss*QA123](1)" classname="testCases.TC02_Login" time="5.964">
    <system-out><![CDATA[2026-08-10 19:51:56 [TestNG-tests-2] INFO  testBase.BaseClass - ===== TC02_Login STARTED =====
2026-08-10 19:51:56 [TestNG-tests-2] DEBUG testBase.BaseClass - Test data received -> Email: sid@cloudberry.services, Password length: 7
2026-08-10 19:51:56 [TestNG-tests-2] DEBUG testBase.BaseClass - Initializing HomePage
2026-08-10 19:51:56 [TestNG-tests-2] INFO  testBase.BaseClass - Clicking My Account
2026-08-10 19:51:57 [TestNG-tests-2] INFO  testBase.BaseClass - Navigating to Login page
2026-08-10 19:51:58 [TestNG-tests-1] DEBUG testBase.BaseClass - Initializing LoginPage
2026-08-10 19:51:58 [TestNG-tests-1] INFO  testBase.BaseClass - Entering email
2026-08-10 19:51:58 [TestNG-tests-2] DEBUG testBase.BaseClass - Initializing LoginPage
2026-08-10 19:51:58 [TestNG-tests-2] INFO  testBase.BaseClass - Entering email
2026-08-10 19:51:58 [TestNG-tests-1] INFO  testBase.BaseClass - Entering password
2026-08-10 19:51:59 [TestNG-tests-2] INFO  testBase.BaseClass - Entering password
2026-08-10 19:51:59 [TestNG-tests-1] INFO  testBase.BaseClass - Clicking Login button
2026-08-10 19:51:59 [TestNG-tests-2] INFO  testBase.BaseClass - Clicking Login button
2026-08-10 19:51:59 [TestNG-tests-1] DEBUG testBase.BaseClass - Initializing AccountPage
2026-08-10 19:51:59 [TestNG-tests-2] DEBUG testBase.BaseClass - Initializing AccountPage
2026-08-10 19:52:00 [TestNG-tests-1] INFO  testBase.BaseClass - MyAccount confirmation displayed: true
2026-08-10 19:52:00 [TestNG-tests-1] DEBUG testBase.BaseClass - Asserting login status
2026-08-10 19:52:00 [TestNG-tests-1] INFO  testBase.BaseClass - ✅ Login assertion PASSED
2026-08-10 19:52:00 [TestNG-tests-1] INFO  testBase.BaseClass - Performing logout
2026-08-10 19:52:00 [TestNG-tests-2] INFO  testBase.BaseClass - MyAccount confirmation displayed: true
2026-08-10 19:52:00 [TestNG-tests-2] DEBUG testBase.BaseClass - Asserting login status
2026-08-10 19:52:00 [TestNG-tests-2] INFO  testBase.BaseClass - ✅ Login assertion PASSED
2026-08-10 19:52:00 [TestNG-tests-2] INFO  testBase.BaseClass - Performing logout
2026-08-10 19:52:02 [TestNG-tests-1] INFO  testBase.BaseClass - Logout successful
2026-08-10 19:52:02 [TestNG-tests-1] INFO  testBase.BaseClass - ===== TC02_Login FINISHED =====
]]></system-out>
  </testcase>
  <testcase name="testLogin[nona@yahoo.com, QWER!@#$](2)" classname="testCases.TC02_Login" time="1.385">
    <system-out><![CDATA[2026-08-10 19:51:48 [TestNG-tests-2] INFO  testBase.BaseClass - ===== TC02_Login STARTED =====
2026-08-10 19:51:48 [TestNG-tests-2] DEBUG testBase.BaseClass - Test data received -> Email: nona@yahoo.com, Password length: 8
2026-08-10 19:51:48 [TestNG-tests-2] DEBUG testBase.BaseClass - Initializing HomePage
2026-08-10 19:51:48 [TestNG-tests-2] INFO  testBase.BaseClass - Clicking My Account
2026-08-10 19:51:49 [TestNG-tests-2] INFO  testBase.BaseClass - Navigating to Login page
2026-08-10 19:51:51 [TestNG-tests-2] DEBUG testBase.BaseClass - Initializing LoginPage
2026-08-10 19:51:51 [TestNG-tests-2] INFO  testBase.BaseClass - Entering email
2026-08-10 19:51:51 [TestNG-tests-2] INFO  testBase.BaseClass - Entering password
2026-08-10 19:51:52 [TestNG-tests-1] DEBUG testBase.BaseClass - Browser window maximized
2026-08-10 19:51:52 [TestNG-tests-1] DEBUG org.apache.poi.openxml4j.opc.PackageRelationshipCollection - Parsing relationship: /xl/_rels/workbook.xml.rels
2026-08-10 19:51:52 [TestNG-tests-1] DEBUG org.apache.poi.openxml4j.opc.PackageRelationshipCollection - Parsing relationship: /xl/worksheets/_rels/sheet1.xml.rels
2026-08-10 19:51:52 [TestNG-tests-1] DEBUG org.apache.poi.openxml4j.opc.PackageRelationshipCollection - Parsing relationship: /_rels/.rels
2026-08-10 19:51:52 [TestNG-tests-1] DEBUG org.apache.poi.ooxml.POIXMLFactory - using default POIXMLDocumentPart for http://schemas.openxmlformats.org/officeDocument/2006/relationships/printerSettings
2026-08-10 19:51:52 [TestNG-tests-1] DEBUG org.apache.poi.openxml4j.opc.PackageRelationshipCollection - Parsing relationship: /xl/_rels/workbook.xml.rels
2026-08-10 19:51:52 [TestNG-tests-1] DEBUG org.apache.poi.openxml4j.opc.PackageRelationshipCollection - Parsing relationship: /xl/worksheets/_rels/sheet1.xml.rels
2026-08-10 19:51:52 [TestNG-tests-1] DEBUG org.apache.poi.openxml4j.opc.PackageRelationshipCollection - Parsing relationship: /_rels/.rels
2026-08-10 19:51:53 [TestNG-tests-1] DEBUG org.apache.poi.ooxml.POIXMLFactory - using default POIXMLDocumentPart for http://schemas.openxmlformats.org/officeDocument/2006/relationships/printerSettings
2026-08-10 19:51:53 [TestNG-tests-1] DEBUG org.apache.poi.openxml4j.opc.PackageRelationshipCollection - Parsing relationship: /xl/_rels/workbook.xml.rels
2026-08-10 19:51:53 [TestNG-tests-1] DEBUG org.apache.poi.openxml4j.opc.PackageRelationshipCollection - Parsing relationship: /xl/worksheets/_rels/sheet1.xml.rels
2026-08-10 19:51:53 [TestNG-tests-1] DEBUG org.apache.poi.openxml4j.opc.PackageRelationshipCollection - Parsing relationship: /_rels/.rels
2026-08-10 19:51:53 [TestNG-tests-1] DEBUG org.apache.poi.ooxml.POIXMLFactory - using default POIXMLDocumentPart for http://schemas.openxmlformats.org/officeDocument/2006/relationships/printerSettings
2026-08-10 19:51:53 [TestNG-tests-2] INFO  testBase.BaseClass - Clicking Login button
2026-08-10 19:51:53 [TestNG-tests-1] DEBUG org.apache.poi.openxml4j.opc.PackageRelationshipCollection - Parsing relationship: /xl/_rels/workbook.xml.rels
2026-08-10 19:51:53 [TestNG-tests-1] DEBUG org.apache.poi.openxml4j.opc.PackageRelationshipCollection - Parsing relationship: /xl/worksheets/_rels/sheet1.xml.rels
2026-08-10 19:51:53 [TestNG-tests-1] DEBUG org.apache.poi.openxml4j.opc.PackageRelationshipCollection - Parsing relationship: /_rels/.rels
2026-08-10 19:51:53 [TestNG-tests-1] DEBUG org.apache.poi.ooxml.POIXMLFactory - using default POIXMLDocumentPart for http://schemas.openxmlformats.org/officeDocument/2006/relationships/printerSettings
2026-08-10 19:51:53 [TestNG-tests-1] DEBUG org.apache.poi.openxml4j.opc.PackageRelationshipCollection - Parsing relationship: /xl/_rels/workbook.xml.rels
2026-08-10 19:51:53 [TestNG-tests-1] DEBUG org.apache.poi.openxml4j.opc.PackageRelationshipCollection - Parsing relationship: /xl/worksheets/_rels/sheet1.xml.rels
2026-08-10 19:51:53 [TestNG-tests-1] DEBUG org.apache.poi.openxml4j.opc.PackageRelationshipCollection - Parsing relationship: /_rels/.rels
2026-08-10 19:51:53 [TestNG-tests-1] DEBUG org.apache.poi.ooxml.POIXMLFactory - using default POIXMLDocumentPart for http://schemas.openxmlformats.org/officeDocument/2006/relationships/printerSettings
2026-08-10 19:51:53 [TestNG-tests-1] DEBUG org.apache.poi.openxml4j.opc.PackageRelationshipCollection - Parsing relationship: /xl/_rels/workbook.xml.rels
2026-08-10 19:51:53 [TestNG-tests-1] DEBUG org.apache.poi.openxml4j.opc.PackageRelationshipCollection - Parsing relationship: /xl/worksheets/_rels/sheet1.xml.rels
2026-08-10 19:51:53 [TestNG-tests-1] DEBUG org.apache.poi.openxml4j.opc.PackageRelationshipCollection - Parsing relationship: /_rels/.rels
2026-08-10 19:51:53 [TestNG-tests-1] DEBUG org.apache.poi.ooxml.POIXMLFactory - using default POIXMLDocumentPart for http://schemas.openxmlformats.org/officeDocument/2006/relationships/printerSettings
2026-08-10 19:51:53 [TestNG-tests-1] DEBUG org.apache.poi.openxml4j.opc.PackageRelationshipCollection - Parsing relationship: /xl/_rels/workbook.xml.rels
2026-08-10 19:51:53 [TestNG-tests-1] DEBUG org.apache.poi.openxml4j.opc.PackageRelationshipCollection - Parsing relationship: /xl/worksheets/_rels/sheet1.xml.rels
2026-08-10 19:51:53 [TestNG-tests-1] DEBUG org.apache.poi.openxml4j.opc.PackageRelationshipCollection - Parsing relationship: /_rels/.rels
2026-08-10 19:51:53 [TestNG-tests-1] DEBUG org.apache.poi.ooxml.POIXMLFactory - using default POIXMLDocumentPart for http://schemas.openxmlformats.org/officeDocument/2006/relationships/printerSettings
2026-08-10 19:51:53 [TestNG-tests-1] DEBUG org.apache.poi.openxml4j.opc.PackageRelationshipCollection - Parsing relationship: /xl/_rels/workbook.xml.rels
2026-08-10 19:51:53 [TestNG-tests-1] DEBUG org.apache.poi.openxml4j.opc.PackageRelationshipCollection - Parsing relationship: /xl/worksheets/_rels/sheet1.xml.rels
2026-08-10 19:51:53 [TestNG-tests-1] DEBUG org.apache.poi.openxml4j.opc.PackageRelationshipCollection - Parsing relationship: /_rels/.rels
2026-08-10 19:51:53 [TestNG-tests-1] DEBUG org.apache.poi.ooxml.POIXMLFactory - using default POIXMLDocumentPart for http://schemas.openxmlformats.org/officeDocument/2006/relationships/printerSettings
2026-08-10 19:51:53 [TestNG-tests-1] DEBUG org.apache.poi.openxml4j.opc.PackageRelationshipCollection - Parsing relationship: /xl/_rels/workbook.xml.rels
2026-08-10 19:51:54 [TestNG-tests-1] DEBUG org.apache.poi.openxml4j.opc.PackageRelationshipCollection - Parsing relationship: /xl/worksheets/_rels/sheet1.xml.rels
2026-08-10 19:51:54 [TestNG-tests-1] DEBUG org.apache.poi.openxml4j.opc.PackageRelationshipCollection - Parsing relationship: /_rels/.rels
2026-08-10 19:51:54 [TestNG-tests-2] DEBUG testBase.BaseClass - Initializing AccountPage
2026-08-10 19:51:54 [TestNG-tests-1] DEBUG org.apache.poi.ooxml.POIXMLFactory - using default POIXMLDocumentPart for http://schemas.openxmlformats.org/officeDocument/2006/relationships/printerSettings
2026-08-10 19:51:54 [TestNG-tests-1] DEBUG org.apache.poi.openxml4j.opc.PackageRelationshipCollection - Parsing relationship: /xl/_rels/workbook.xml.rels
2026-08-10 19:51:54 [TestNG-tests-1] DEBUG org.apache.poi.openxml4j.opc.PackageRelationshipCollection - Parsing relationship: /xl/worksheets/_rels/sheet1.xml.rels
2026-08-10 19:51:54 [TestNG-tests-1] DEBUG org.apache.poi.openxml4j.opc.PackageRelationshipCollection - Parsing relationship: /_rels/.rels
2026-08-10 19:51:54 [TestNG-tests-1] DEBUG org.apache.poi.ooxml.POIXMLFactory - using default POIXMLDocumentPart for http://schemas.openxmlformats.org/officeDocument/2006/relationships/printerSettings
2026-08-10 19:51:54 [TestNG-tests-1] DEBUG org.apache.poi.openxml4j.opc.PackageRelationshipCollection - Parsing relationship: /xl/_rels/workbook.xml.rels
2026-08-10 19:51:54 [TestNG-tests-1] DEBUG org.apache.poi.openxml4j.opc.PackageRelationshipCollection - Parsing relationship: /xl/worksheets/_rels/sheet1.xml.rels
2026-08-10 19:51:54 [TestNG-tests-1] DEBUG org.apache.poi.openxml4j.opc.PackageRelationshipCollection - Parsing relationship: /_rels/.rels
2026-08-10 19:51:54 [TestNG-tests-1] DEBUG org.apache.poi.ooxml.POIXMLFactory - using default POIXMLDocumentPart for http://schemas.openxmlformats.org/officeDocument/2006/relationships/printerSettings
2026-08-10 19:51:54 [TestNG-tests-1] DEBUG org.apache.poi.openxml4j.opc.PackageRelationshipCollection - Parsing relationship: /xl/_rels/workbook.xml.rels
2026-08-10 19:51:54 [TestNG-tests-1] DEBUG org.apache.poi.openxml4j.opc.PackageRelationshipCollection - Parsing relationship: /xl/worksheets/_rels/sheet1.xml.rels
2026-08-10 19:51:54 [TestNG-tests-1] DEBUG org.apache.poi.openxml4j.opc.PackageRelationshipCollection - Parsing relationship: /_rels/.rels
2026-08-10 19:51:54 [TestNG-tests-2] INFO  testBase.BaseClass - MyAccount confirmation displayed: true
2026-08-10 19:51:54 [TestNG-tests-2] DEBUG testBase.BaseClass - Asserting login status
2026-08-10 19:51:54 [TestNG-tests-2] INFO  testBase.BaseClass - ✅ Login assertion PASSED
2026-08-10 19:51:54 [TestNG-tests-2] INFO  testBase.BaseClass - Performing logout
2026-08-10 19:51:54 [TestNG-tests-1] DEBUG org.apache.poi.ooxml.POIXMLFactory - using default POIXMLDocumentPart for http://schemas.openxmlformats.org/officeDocument/2006/relationships/printerSettings
2026-08-10 19:51:54 [TestNG-tests-1] INFO  testBase.BaseClass - ===== TC02_Login STARTED =====
2026-08-10 19:51:54 [TestNG-tests-1] DEBUG testBase.BaseClass - Test data received -> Email: smitasharma.qa@gmail.com, Password length: 8
2026-08-10 19:51:54 [TestNG-tests-1] DEBUG testBase.BaseClass - Initializing HomePage
2026-08-10 19:51:54 [TestNG-tests-1] INFO  testBase.BaseClass - Clicking My Account
2026-08-10 19:51:55 [TestNG-tests-1] INFO  testBase.BaseClass - Navigating to Login page
2026-08-10 19:51:56 [TestNG-tests-2] INFO  testBase.BaseClass - Logout successful
2026-08-10 19:51:56 [TestNG-tests-2] INFO  testBase.BaseClass - ===== TC02_Login FINISHED =====
]]></system-out>
  </testcase>
  <testcase name="testLogin[nona@yahoo.com, QWER!@#$](2)" classname="testCases.TC02_Login" time="4.691">
    <system-out><![CDATA[2026-08-10 19:52:02 [TestNG-tests-2] INFO  testBase.BaseClass - ===== TC02_Login STARTED =====
2026-08-10 19:52:02 [TestNG-tests-2] DEBUG testBase.BaseClass - Test data received -> Email: apushedwoman@gmail.com, Password length: 11
2026-08-10 19:52:02 [TestNG-tests-2] DEBUG testBase.BaseClass - Initializing HomePage
2026-08-10 19:52:02 [TestNG-tests-2] INFO  testBase.BaseClass - Clicking My Account
2026-08-10 19:52:02 [TestNG-tests-1] INFO  testBase.BaseClass - Navigating to Login page
2026-08-10 19:52:02 [TestNG-tests-2] INFO  testBase.BaseClass - Navigating to Login page
2026-08-10 19:52:03 [TestNG-tests-1] DEBUG testBase.BaseClass - Initializing LoginPage
2026-08-10 19:52:03 [TestNG-tests-1] INFO  testBase.BaseClass - Entering email
2026-08-10 19:52:03 [TestNG-tests-2] DEBUG testBase.BaseClass - Initializing LoginPage
2026-08-10 19:52:03 [TestNG-tests-2] INFO  testBase.BaseClass - Entering email
2026-08-10 19:52:04 [TestNG-tests-1] INFO  testBase.BaseClass - Entering password
2026-08-10 19:52:04 [TestNG-tests-2] INFO  testBase.BaseClass - Entering password
2026-08-10 19:52:04 [TestNG-tests-1] INFO  testBase.BaseClass - Clicking Login button
2026-08-10 19:52:04 [TestNG-tests-2] INFO  testBase.BaseClass - Clicking Login button
2026-08-10 19:52:04 [TestNG-tests-1] DEBUG testBase.BaseClass - Initializing AccountPage
2026-08-10 19:52:05 [TestNG-tests-2] DEBUG testBase.BaseClass - Initializing AccountPage
2026-08-10 19:52:06 [TestNG-tests-1] INFO  testBase.BaseClass - MyAccount confirmation displayed: true
2026-08-10 19:52:06 [TestNG-tests-1] DEBUG testBase.BaseClass - Asserting login status
2026-08-10 19:52:06 [TestNG-tests-1] INFO  testBase.BaseClass - ✅ Login assertion PASSED
2026-08-10 19:52:06 [TestNG-tests-1] INFO  testBase.BaseClass - Performing logout
2026-08-10 19:52:06 [TestNG-tests-2] INFO  testBase.BaseClass - MyAccount confirmation displayed: true
2026-08-10 19:52:06 [TestNG-tests-2] DEBUG testBase.BaseClass - Asserting login status
2026-08-10 19:52:06 [TestNG-tests-2] INFO  testBase.BaseClass - ✅ Login assertion PASSED
2026-08-10 19:52:06 [TestNG-tests-2] INFO  testBase.BaseClass - Performing logout
2026-08-10 19:52:07 [TestNG-tests-1] INFO  testBase.BaseClass - Logout successful
2026-08-10 19:52:07 [TestNG-tests-1] INFO  testBase.BaseClass - ===== TC02_Login FINISHED =====
]]></system-out>
  </testcase>
  <testcase name="testLogin[sid@cloudberry.services, Test123](3)" classname="testCases.TC02_Login" time="0.019">
    <system-out><![CDATA[2026-08-10 19:52:02 [TestNG-tests-2] INFO  testBase.BaseClass - Logout successful
2026-08-10 19:52:02 [TestNG-tests-2] INFO  testBase.BaseClass - ===== TC02_Login FINISHED =====
2026-08-10 19:52:02 [TestNG-tests-1] INFO  testBase.BaseClass - ===== TC02_Login STARTED =====
2026-08-10 19:52:02 [TestNG-tests-1] DEBUG testBase.BaseClass - Test data received -> Email: nona@yahoo.com, Password length: 8
2026-08-10 19:52:02 [TestNG-tests-1] DEBUG testBase.BaseClass - Initializing HomePage
2026-08-10 19:52:02 [TestNG-tests-1] INFO  testBase.BaseClass - Clicking My Account
]]></system-out>
  </testcase>
  <testcase name="testLogin[sid@cloudberry.services, Test123](3)" classname="testCases.TC02_Login" time="4.39">
    <system-out><![CDATA[2026-08-10 19:52:07 [TestNG-tests-2] INFO  testBase.BaseClass - ===== TC02_Login STARTED =====
2026-08-10 19:52:07 [TestNG-tests-2] DEBUG testBase.BaseClass - Test data received -> Email: hichamkhachiai@gmail.com, Password length: 9
2026-08-10 19:52:07 [TestNG-tests-2] DEBUG testBase.BaseClass - Initializing HomePage
2026-08-10 19:52:07 [TestNG-tests-2] INFO  testBase.BaseClass - Clicking My Account
2026-08-10 19:52:07 [TestNG-tests-1] INFO  testBase.BaseClass - Navigating to Login page
2026-08-10 19:52:07 [TestNG-tests-2] INFO  testBase.BaseClass - Navigating to Login page
2026-08-10 19:52:08 [TestNG-tests-1] DEBUG testBase.BaseClass - Initializing LoginPage
2026-08-10 19:52:08 [TestNG-tests-1] INFO  testBase.BaseClass - Entering email
2026-08-10 19:52:08 [TestNG-tests-2] DEBUG testBase.BaseClass - Initializing LoginPage
2026-08-10 19:52:08 [TestNG-tests-2] INFO  testBase.BaseClass - Entering email
2026-08-10 19:52:09 [TestNG-tests-1] INFO  testBase.BaseClass - Entering password
2026-08-10 19:52:09 [TestNG-tests-2] INFO  testBase.BaseClass - Entering password
2026-08-10 19:52:09 [TestNG-tests-1] INFO  testBase.BaseClass - Clicking Login button
2026-08-10 19:52:09 [TestNG-tests-2] INFO  testBase.BaseClass - Clicking Login button
2026-08-10 19:52:09 [TestNG-tests-1] DEBUG testBase.BaseClass - Initializing AccountPage
2026-08-10 19:52:10 [TestNG-tests-2] DEBUG testBase.BaseClass - Initializing AccountPage
2026-08-10 19:52:10 [TestNG-tests-1] INFO  testBase.BaseClass - MyAccount confirmation displayed: true
2026-08-10 19:52:10 [TestNG-tests-1] DEBUG testBase.BaseClass - Asserting login status
2026-08-10 19:52:10 [TestNG-tests-1] INFO  testBase.BaseClass - ✅ Login assertion PASSED
2026-08-10 19:52:10 [TestNG-tests-1] INFO  testBase.BaseClass - Performing logout
2026-08-10 19:52:10 [TestNG-tests-2] INFO  testBase.BaseClass - MyAccount confirmation displayed: true
2026-08-10 19:52:10 [TestNG-tests-2] DEBUG testBase.BaseClass - Asserting login status
2026-08-10 19:52:10 [TestNG-tests-2] INFO  testBase.BaseClass - ✅ Login assertion PASSED
2026-08-10 19:52:10 [TestNG-tests-2] INFO  testBase.BaseClass - Performing logout
2026-08-10 19:52:11 [TestNG-tests-1] INFO  testBase.BaseClass - Logout successful
2026-08-10 19:52:11 [TestNG-tests-1] INFO  testBase.BaseClass - ===== TC02_Login FINISHED =====
]]></system-out>
  </testcase>
  <testcase name="testLogin[apushedwoman@gmail.com, password123](4)" classname="testCases.TC02_Login" time="0.285">
    <system-out><![CDATA[2026-08-10 19:52:07 [TestNG-tests-1] INFO  testBase.BaseClass - ===== TC02_Login STARTED =====
2026-08-10 19:52:07 [TestNG-tests-1] DEBUG testBase.BaseClass - Test data received -> Email: sid@cloudberry.services, Password length: 7
2026-08-10 19:52:07 [TestNG-tests-1] DEBUG testBase.BaseClass - Initializing HomePage
2026-08-10 19:52:07 [TestNG-tests-1] INFO  testBase.BaseClass - Clicking My Account
2026-08-10 19:52:07 [TestNG-tests-2] INFO  testBase.BaseClass - Logout successful
2026-08-10 19:52:07 [TestNG-tests-2] INFO  testBase.BaseClass - ===== TC02_Login FINISHED =====
]]></system-out>
  </testcase>
  <testcase name="testLogin[apushedwoman@gmail.com, password123](4)" classname="testCases.TC02_Login" time="4.443">
    <system-out><![CDATA[2026-08-10 19:52:12 [TestNG-tests-2] INFO  testBase.BaseClass - ========== Test Execution Completed ==========
2026-08-10 19:52:12 [TestNG-tests-2] INFO  testBase.BaseClass - Closing browser and quitting WebDriver
2026-08-10 19:52:12 [TestNG-tests-1] INFO  testBase.BaseClass - Navigating to Login page
2026-08-10 19:52:13 [TestNG-tests-1] DEBUG testBase.BaseClass - Initializing LoginPage
2026-08-10 19:52:13 [TestNG-tests-1] INFO  testBase.BaseClass - Entering email
2026-08-10 19:52:13 [TestNG-tests-1] INFO  testBase.BaseClass - Entering password
2026-08-10 19:52:14 [TestNG-tests-1] INFO  testBase.BaseClass - Clicking Login button
2026-08-10 19:52:14 [TestNG-tests-1] DEBUG testBase.BaseClass - Initializing AccountPage
2026-08-10 19:52:15 [TestNG-tests-1] INFO  testBase.BaseClass - MyAccount confirmation displayed: true
2026-08-10 19:52:15 [TestNG-tests-1] DEBUG testBase.BaseClass - Asserting login status
2026-08-10 19:52:15 [TestNG-tests-1] INFO  testBase.BaseClass - ✅ Login assertion PASSED
2026-08-10 19:52:15 [TestNG-tests-1] INFO  testBase.BaseClass - Performing logout
2026-08-10 19:52:16 [TestNG-tests-1] INFO  testBase.BaseClass - Logout successful
2026-08-10 19:52:16 [TestNG-tests-1] INFO  testBase.BaseClass - ===== TC02_Login FINISHED =====
]]></system-out>
  </testcase>
  <testcase name="testLogin[hichamkhachiai@gmail.com, hicham123](5)" classname="testCases.TC02_Login" time="0.295">
    <system-out><![CDATA[2026-08-10 19:52:11 [TestNG-tests-1] INFO  testBase.BaseClass - ===== TC02_Login STARTED =====
2026-08-10 19:52:11 [TestNG-tests-1] DEBUG testBase.BaseClass - Test data received -> Email: apushedwoman@gmail.com, Password length: 11
2026-08-10 19:52:11 [TestNG-tests-1] DEBUG testBase.BaseClass - Initializing HomePage
2026-08-10 19:52:11 [TestNG-tests-1] INFO  testBase.BaseClass - Clicking My Account
2026-08-10 19:52:12 [TestNG-tests-2] INFO  testBase.BaseClass - Logout successful
2026-08-10 19:52:12 [TestNG-tests-2] INFO  testBase.BaseClass - ===== TC02_Login FINISHED =====
]]></system-out>
  </testcase>
  <testcase name="testLogin[hichamkhachiai@gmail.com, hicham123](5)" classname="testCases.TC02_Login" time="3.491">
    <system-out><![CDATA[2026-08-10 19:52:16 [TestNG-tests-1] INFO  testBase.BaseClass - ===== TC02_Login STARTED =====
2026-08-10 19:52:16 [TestNG-tests-1] DEBUG testBase.BaseClass - Test data received -> Email: hichamkhachiai@gmail.com, Password length: 9
2026-08-10 19:52:16 [TestNG-tests-1] DEBUG testBase.BaseClass - Initializing HomePage
2026-08-10 19:52:16 [TestNG-tests-1] INFO  testBase.BaseClass - Clicking My Account
2026-08-10 19:52:16 [TestNG-tests-1] INFO  testBase.BaseClass - Navigating to Login page
2026-08-10 19:52:17 [TestNG-tests-1] DEBUG testBase.BaseClass - Initializing LoginPage
2026-08-10 19:52:17 [TestNG-tests-1] INFO  testBase.BaseClass - Entering email
2026-08-10 19:52:17 [TestNG-tests-1] INFO  testBase.BaseClass - Entering password
2026-08-10 19:52:17 [TestNG-tests-1] INFO  testBase.BaseClass - Clicking Login button
2026-08-10 19:52:18 [TestNG-tests-1] DEBUG testBase.BaseClass - Initializing AccountPage
2026-08-10 19:52:18 [TestNG-tests-1] INFO  testBase.BaseClass - MyAccount confirmation displayed: true
2026-08-10 19:52:18 [TestNG-tests-1] DEBUG testBase.BaseClass - Asserting login status
2026-08-10 19:52:18 [TestNG-tests-1] INFO  testBase.BaseClass - ✅ Login assertion PASSED
2026-08-10 19:52:18 [TestNG-tests-1] INFO  testBase.BaseClass - Performing logout
2026-08-10 19:52:18 [TestNG-tests-2] INFO  testBase.BaseClass - ========== Test Execution Started ==========
2026-08-10 19:52:18 [TestNG-tests-2] DEBUG testBase.BaseClass - Operating System: windows
2026-08-10 19:52:18 [TestNG-tests-2] DEBUG testBase.BaseClass - Browser Parameter Received: edge
2026-08-10 19:52:18 [TestNG-tests-2] DEBUG testBase.BaseClass - Loading config.properties file
2026-08-10 19:52:19 [TestNG-tests-1] INFO  testBase.BaseClass - Logout successful
2026-08-10 19:52:19 [TestNG-tests-1] INFO  testBase.BaseClass - ===== TC02_Login FINISHED =====
]]></system-out>
  </testcase>
  <testcase name="testCompletePurchase" classname="testCases.TC04_CompletePurchase" time="27.15">
    <system-out><![CDATA[2026-08-10 19:52:19 [TestNG-tests-1] INFO  testBase.BaseClass - ========== Test Execution Completed ==========
2026-08-10 19:52:19 [TestNG-tests-1] INFO  testBase.BaseClass - Closing browser and quitting WebDriver
2026-08-10 19:52:25 [TestNG-tests-2] DEBUG testBase.BaseClass - WebDriver instance set to ThreadLocal
2026-08-10 19:52:25 [TestNG-tests-2] DEBUG testBase.BaseClass - Implicit wait set to 10 seconds
2026-08-10 19:52:25 [TestNG-tests-2] INFO  testBase.BaseClass - Navigating to application URL: https://cloudberrystore.services
2026-08-10 19:52:26 [TestNG-tests-1] INFO  testBase.BaseClass - ========== Test Execution Started ==========
2026-08-10 19:52:26 [TestNG-tests-1] DEBUG testBase.BaseClass - Operating System: windows
2026-08-10 19:52:26 [TestNG-tests-1] DEBUG testBase.BaseClass - Browser Parameter Received: chrome
2026-08-10 19:52:26 [TestNG-tests-1] DEBUG testBase.BaseClass - Loading config.properties file
2026-08-10 19:52:28 [TestNG-tests-2] DEBUG testBase.BaseClass - Browser window maximized
2026-08-10 19:52:28 [TestNG-tests-2] INFO  testBase.BaseClass - ===== TC04_CompletePurchase STARTED =====
2026-08-10 19:52:28 [TestNG-tests-2] DEBUG testBase.BaseClass - Initializing CategoryPage
2026-08-10 19:52:28 [TestNG-tests-2] INFO  testBase.BaseClass - Clicking Laptops & Notebooks category
2026-08-10 19:52:34 [TestNG-tests-2] INFO  testBase.BaseClass - Clicking Show All products
2026-08-10 19:52:36 [TestNG-tests-1] DEBUG testBase.BaseClass - WebDriver instance set to ThreadLocal
2026-08-10 19:52:36 [TestNG-tests-1] DEBUG testBase.BaseClass - Implicit wait set to 10 seconds
2026-08-10 19:52:36 [TestNG-tests-1] INFO  testBase.BaseClass - Navigating to application URL: https://cloudberrystore.services
2026-08-10 19:52:38 [TestNG-tests-2] DEBUG testBase.BaseClass - Waiting briefly for products to load
2026-08-10 19:52:39 [TestNG-tests-2] INFO  testBase.BaseClass - Selecting HP product
2026-08-10 19:52:44 [TestNG-tests-2] DEBUG testBase.BaseClass - Initializing ProductPage
2026-08-10 19:52:44 [TestNG-tests-2] INFO  testBase.BaseClass - Setting delivery date
2026-08-10 19:52:44 [TestNG-tests-1] DEBUG testBase.BaseClass - Browser window maximized
2026-08-10 19:52:44 [TestNG-tests-1] INFO  testBase.BaseClass - ===== TC04_CompletePurchase STARTED =====
2026-08-10 19:52:44 [TestNG-tests-1] DEBUG testBase.BaseClass - Initializing CategoryPage
2026-08-10 19:52:44 [TestNG-tests-1] INFO  testBase.BaseClass - Clicking Laptops & Notebooks category
2026-08-10 19:52:45 [TestNG-tests-2] INFO  testBase.BaseClass - Adding product to cart
2026-08-10 19:52:46 [TestNG-tests-2] INFO  testBase.BaseClass - Proceeding to checkout
2026-08-10 19:52:47 [TestNG-tests-1] INFO  testBase.BaseClass - Clicking Show All products
2026-08-10 19:52:48 [TestNG-tests-1] DEBUG testBase.BaseClass - Waiting briefly for products to load
2026-08-10 19:52:49 [TestNG-tests-1] INFO  testBase.BaseClass - Selecting HP product
2026-08-10 19:52:49 [TestNG-tests-2] DEBUG testBase.BaseClass - Initializing CheckoutPage
2026-08-10 19:52:49 [TestNG-tests-2] INFO  testBase.BaseClass - Clicking Login on checkout page
2026-08-10 19:52:50 [TestNG-tests-2] DEBUG testBase.BaseClass - Initializing LoginPage
2026-08-10 19:52:50 [TestNG-tests-2] INFO  testBase.BaseClass - Entering email
2026-08-10 19:52:51 [TestNG-tests-2] INFO  testBase.BaseClass - Entering password
2026-08-10 19:52:52 [TestNG-tests-1] DEBUG testBase.BaseClass - Initializing ProductPage
2026-08-10 19:52:52 [TestNG-tests-1] INFO  testBase.BaseClass - Setting delivery date
2026-08-10 19:52:52 [TestNG-tests-2] INFO  testBase.BaseClass - Submitting login
2026-08-10 19:52:53 [TestNG-tests-2] INFO  testBase.BaseClass - Completing checkout process
2026-08-10 19:52:53 [TestNG-tests-1] INFO  testBase.BaseClass - Adding product to cart
2026-08-10 19:52:55 [TestNG-tests-1] INFO  testBase.BaseClass - Proceeding to checkout
2026-08-10 19:53:08 [TestNG-tests-1] DEBUG testBase.BaseClass - Initializing CheckoutPage
2026-08-10 19:53:08 [TestNG-tests-1] INFO  testBase.BaseClass - Clicking Login on checkout page
2026-08-10 19:53:10 [TestNG-tests-1] DEBUG testBase.BaseClass - Initializing LoginPage
2026-08-10 19:53:10 [TestNG-tests-1] INFO  testBase.BaseClass - Entering email
2026-08-10 19:53:10 [TestNG-tests-2] DEBUG testBase.BaseClass - Initializing ConfirmationPage
2026-08-10 19:53:10 [TestNG-tests-1] INFO  testBase.BaseClass - Entering password
2026-08-10 19:53:11 [TestNG-tests-2] INFO  testBase.BaseClass - Order placement status: true
2026-08-10 19:53:11 [TestNG-tests-2] DEBUG testBase.BaseClass - Asserting order placement
2026-08-10 19:53:11 [TestNG-tests-2] INFO  testBase.BaseClass - ✅ Assertion PASSED: Order placed successfully
2026-08-10 19:53:11 [TestNG-tests-2] INFO  testBase.BaseClass - ===== TC04_CompletePurchase FINISHED =====
]]></system-out>
  </testcase>
  <testcase name="testCompletePurchase" classname="testCases.TC04_CompletePurchase" time="33.385">
    <system-out><![CDATA[2026-08-10 19:53:12 [TestNG-tests-2] INFO  testBase.BaseClass - ========== Test Execution Completed ==========
2026-08-10 19:53:12 [TestNG-tests-1] INFO  testBase.BaseClass - Submitting login
2026-08-10 19:53:12 [TestNG-tests-2] INFO  testBase.BaseClass - Closing browser and quitting WebDriver
2026-08-10 19:53:14 [TestNG-tests-1] INFO  testBase.BaseClass - Completing checkout process
2026-08-10 19:53:17 [TestNG-tests-1] DEBUG testBase.BaseClass - Initializing ConfirmationPage
2026-08-10 19:53:18 [TestNG-tests-1] INFO  testBase.BaseClass - Order placement status: true
2026-08-10 19:53:18 [TestNG-tests-1] DEBUG testBase.BaseClass - Asserting order placement
2026-08-10 19:53:18 [TestNG-tests-1] INFO  testBase.BaseClass - ✅ Assertion PASSED: Order placed successfully
2026-08-10 19:53:18 [TestNG-tests-1] INFO  testBase.BaseClass - ===== TC04_CompletePurchase FINISHED =====
]]></system-out>
  </testcase>
</testsuite>