<?xml version="1.0" encoding="UTF-8"?>
<testng-results ignored="0" total="20" passed="20" failed="0" skipped="0">
  <reporter-output>
  </reporter-output>
  <suite started-at="2026-08-09T00:58:06 EDT" name="Suite" finished-at="2026-08-09T01:01:14 EDT" duration-ms="188600">
    <groups>
      <group name="datadriven">
        <method signature="TC02_Login.testLogin(java.lang.String,java.lang.String)[pri:0, instance:testCases.TC02_Login@27d4a09]" name="testLogin" class="testCases.TC02_Login"/>
        <method signature="TC02_Login.testLogin(java.lang.String,java.lang.String)[pri:0, instance:testCases.TC02_Login@531f4093]" name="testLogin" class="testCases.TC02_Login"/>
      </group> <!-- datadriven -->
      <group name="regression">
        <method signature="TC01_LaunchApplication.testLaunchApplication()[pri:0, instance:testCases.TC01_LaunchApplication@53941c2f]" name="testLaunchApplication" class="testCases.TC01_LaunchApplication"/>
        <method signature="TC02_Login.testLogin(java.lang.String,java.lang.String)[pri:0, instance:testCases.TC02_Login@27d4a09]" name="testLogin" class="testCases.TC02_Login"/>
        <method signature="TC03_AddToCart.testAddToCart()[pri:0, instance:testCases.TC03_AddToCart@2e6a5539]" name="testAddToCart" class="testCases.TC03_AddToCart"/>
        <method signature="TC04_CompletePurchase.testCompletePurchase()[pri:0, instance:testCases.TC04_CompletePurchase@7e4204e2]" name="testCompletePurchase" class="testCases.TC04_CompletePurchase"/>
        <method signature="TC05_AddToWishList.testAddToWishList()[pri:0, instance:testCases.TC05_AddToWishList@3fc9504b]" name="testAddToWishList" class="testCases.TC05_AddToWishList"/>
        <method signature="TC06_AddAffiliate.testAddAffiliate()[pri:0, instance:testCases.TC06_AddAffiliate@6d025197]" name="testAddAffiliate" class="testCases.TC06_AddAffiliate"/>
        <method signature="TC01_LaunchApplication.testLaunchApplication()[pri:0, instance:testCases.TC01_LaunchApplication@388526fb]" name="testLaunchApplication" class="testCases.TC01_LaunchApplication"/>
        <method signature="TC02_Login.testLogin(java.lang.String,java.lang.String)[pri:0, instance:testCases.TC02_Login@531f4093]" name="testLogin" class="testCases.TC02_Login"/>
        <method signature="TC03_AddToCart.testAddToCart()[pri:0, instance:testCases.TC03_AddToCart@21a21c64]" name="testAddToCart" class="testCases.TC03_AddToCart"/>
        <method signature="TC04_CompletePurchase.testCompletePurchase()[pri:0, instance:testCases.TC04_CompletePurchase@62ef27a8]" name="testCompletePurchase" class="testCases.TC04_CompletePurchase"/>
        <method signature="TC05_AddToWishList.testAddToWishList()[pri:0, instance:testCases.TC05_AddToWishList@7803bfd]" name="testAddToWishList" class="testCases.TC05_AddToWishList"/>
        <method signature="TC06_AddAffiliate.testAddAffiliate()[pri:0, instance:testCases.TC06_AddAffiliate@42bc14c1]" name="testAddAffiliate" class="testCases.TC06_AddAffiliate"/>
      </group> <!-- regression -->
      <group name="sanity">
        <method signature="TC01_LaunchApplication.testLaunchApplication()[pri:0, instance:testCases.TC01_LaunchApplication@53941c2f]" name="testLaunchApplication" class="testCases.TC01_LaunchApplication"/>
        <method signature="TC02_Login.testLogin(java.lang.String,java.lang.String)[pri:0, instance:testCases.TC02_Login@27d4a09]" name="testLogin" class="testCases.TC02_Login"/>
        <method signature="TC03_AddToCart.testAddToCart()[pri:0, instance:testCases.TC03_AddToCart@2e6a5539]" name="testAddToCart" class="testCases.TC03_AddToCart"/>
        <method signature="TC04_CompletePurchase.testCompletePurchase()[pri:0, instance:testCases.TC04_CompletePurchase@7e4204e2]" name="testCompletePurchase" class="testCases.TC04_CompletePurchase"/>
        <method signature="TC01_LaunchApplication.testLaunchApplication()[pri:0, instance:testCases.TC01_LaunchApplication@388526fb]" name="testLaunchApplication" class="testCases.TC01_LaunchApplication"/>
        <method signature="TC02_Login.testLogin(java.lang.String,java.lang.String)[pri:0, instance:testCases.TC02_Login@531f4093]" name="testLogin" class="testCases.TC02_Login"/>
        <method signature="TC03_AddToCart.testAddToCart()[pri:0, instance:testCases.TC03_AddToCart@21a21c64]" name="testAddToCart" class="testCases.TC03_AddToCart"/>
        <method signature="TC04_CompletePurchase.testCompletePurchase()[pri:0, instance:testCases.TC04_CompletePurchase@62ef27a8]" name="testCompletePurchase" class="testCases.TC04_CompletePurchase"/>
      </group> <!-- sanity -->
    </groups>
    <test started-at="2026-08-09T00:58:06 EDT" name="edgeTest" finished-at="2026-08-09T01:01:14 EDT" duration-ms="188600">
      <class name="testCases.TC02_Login">
        <test-method is-config="true" signature="openApp(java.lang.String,java.lang.String)[pri:0, instance:testCases.TC02_Login@531f4093]" started-at="2026-08-09T00:59:53 EDT" name="openApp" finished-at="2026-08-09T01:00:10 EDT" duration-ms="17496" status="PASS">
          <params>
            <param index="0">
              <value>
                <![CDATA[windows]]>
              </value>
            </param>
            <param index="1">
              <value>
                <![CDATA[edge]]>
              </value>
            </param>
          </params>
          <reporter-output>
          </reporter-output>
        </test-method> <!-- openApp -->
        <test-method signature="testLogin(java.lang.String,java.lang.String)[pri:0, instance:testCases.TC02_Login@531f4093]" started-at="2026-08-09T01:00:14 EDT" name="testLogin" data-provider="LoginData" finished-at="2026-08-09T01:00:21 EDT" duration-ms="6505" status="PASS">
          <params>
            <param index="0">
              <value>
                <![CDATA[smitasharma.qa@gmail.com]]>
              </value>
            </param>
            <param index="1">
              <value>
                <![CDATA[ss*QA123]]>
              </value>
            </param>
          </params>
          <reporter-output>
          </reporter-output>
        </test-method> <!-- testLogin -->
        <test-method signature="testLogin(java.lang.String,java.lang.String)[pri:0, instance:testCases.TC02_Login@531f4093]" started-at="2026-08-09T01:00:21 EDT" name="testLogin" data-provider="LoginData" finished-at="2026-08-09T01:00:25 EDT" duration-ms="4564" status="PASS">
          <params>
            <param index="0">
              <value>
                <![CDATA[nona@yahoo.com]]>
              </value>
            </param>
            <param index="1">
              <value>
                <![CDATA[QWER!@#$]]>
              </value>
            </param>
          </params>
          <reporter-output>
          </reporter-output>
        </test-method> <!-- testLogin -->
        <test-method signature="testLogin(java.lang.String,java.lang.String)[pri:0, instance:testCases.TC02_Login@531f4093]" started-at="2026-08-09T01:00:25 EDT" name="testLogin" data-provider="LoginData" finished-at="2026-08-09T01:00:31 EDT" duration-ms="5524" status="PASS">
          <params>
            <param index="0">
              <value>
                <![CDATA[sid@cloudberry.services]]>
              </value>
            </param>
            <param index="1">
              <value>
                <![CDATA[Test123]]>
              </value>
            </param>
          </params>
          <reporter-output>
          </reporter-output>
        </test-method> <!-- testLogin -->
        <test-method signature="testLogin(java.lang.String,java.lang.String)[pri:0, instance:testCases.TC02_Login@531f4093]" started-at="2026-08-09T01:00:31 EDT" name="testLogin" data-provider="LoginData" finished-at="2026-08-09T01:00:36 EDT" duration-ms="5108" status="PASS">
          <params>
            <param index="0">
              <value>
                <![CDATA[apushedwoman@gmail.com]]>
              </value>
            </param>
            <param index="1">
              <value>
                <![CDATA[password123]]>
              </value>
            </param>
          </params>
          <reporter-output>
          </reporter-output>
        </test-method> <!-- testLogin -->
        <test-method signature="testLogin(java.lang.String,java.lang.String)[pri:0, instance:testCases.TC02_Login@531f4093]" started-at="2026-08-09T01:00:36 EDT" name="testLogin" data-provider="LoginData" finished-at="2026-08-09T01:00:41 EDT" duration-ms="4493" status="PASS">
          <params>
            <param index="0">
              <value>
                <![CDATA[hichamkhachiai@gmail.com]]>
              </value>
            </param>
            <param index="1">
              <value>
                <![CDATA[hicham123]]>
              </value>
            </param>
          </params>
          <reporter-output>
          </reporter-output>
        </test-method> <!-- testLogin -->
        <test-method is-config="true" signature="closeApp()[pri:0, instance:testCases.TC02_Login@531f4093]" started-at="2026-08-09T01:00:41 EDT" name="closeApp" finished-at="2026-08-09T01:00:42 EDT" duration-ms="1380" status="PASS">
          <reporter-output>
          </reporter-output>
        </test-method> <!-- closeApp -->
      </class> <!-- testCases.TC02_Login -->
      <class name="testCases.TC05_AddToWishList">
        <test-method is-config="true" signature="openApp(java.lang.String,java.lang.String)[pri:0, instance:testCases.TC05_AddToWishList@7803bfd]" started-at="2026-08-09T00:59:00 EDT" name="openApp" finished-at="2026-08-09T00:59:11 EDT" duration-ms="10785" status="PASS">
          <params>
            <param index="0">
              <value>
                <![CDATA[windows]]>
              </value>
            </param>
            <param index="1">
              <value>
                <![CDATA[edge]]>
              </value>
            </param>
          </params>
          <reporter-output>
          </reporter-output>
        </test-method> <!-- openApp -->
        <test-method signature="testAddToWishList()[pri:0, instance:testCases.TC05_AddToWishList@7803bfd]" started-at="2026-08-09T00:59:11 EDT" name="testAddToWishList" finished-at="2026-08-09T00:59:24 EDT" duration-ms="13214" status="PASS">
          <reporter-output>
          </reporter-output>
        </test-method> <!-- testAddToWishList -->
        <test-method is-config="true" signature="closeApp()[pri:0, instance:testCases.TC05_AddToWishList@7803bfd]" started-at="2026-08-09T00:59:24 EDT" name="closeApp" finished-at="2026-08-09T00:59:25 EDT" duration-ms="1568" status="PASS">
          <reporter-output>
          </reporter-output>
        </test-method> <!-- closeApp -->
      </class> <!-- testCases.TC05_AddToWishList -->
      <class name="testCases.TC01_LaunchApplication">
        <test-method is-config="true" signature="openApp(java.lang.String,java.lang.String)[pri:0, instance:testCases.TC01_LaunchApplication@388526fb]" started-at="2026-08-09T00:58:06 EDT" name="openApp" finished-at="2026-08-09T00:58:27 EDT" duration-ms="21535" status="PASS">
          <params>
            <param index="0">
              <value>
                <![CDATA[windows]]>
              </value>
            </param>
            <param index="1">
              <value>
                <![CDATA[edge]]>
              </value>
            </param>
          </params>
          <reporter-output>
          </reporter-output>
        </test-method> <!-- openApp -->
        <test-method signature="testLaunchApplication()[pri:0, instance:testCases.TC01_LaunchApplication@388526fb]" started-at="2026-08-09T00:58:27 EDT" name="testLaunchApplication" finished-at="2026-08-09T00:58:28 EDT" duration-ms="742" status="PASS">
          <reporter-output>
          </reporter-output>
        </test-method> <!-- testLaunchApplication -->
        <test-method is-config="true" signature="closeApp()[pri:0, instance:testCases.TC01_LaunchApplication@388526fb]" started-at="2026-08-09T00:58:29 EDT" name="closeApp" finished-at="2026-08-09T00:58:32 EDT" duration-ms="3685" status="PASS">
          <reporter-output>
          </reporter-output>
        </test-method> <!-- closeApp -->
      </class> <!-- testCases.TC01_LaunchApplication -->
      <class name="testCases.TC03_AddToCart">
        <test-method is-config="true" signature="openApp(java.lang.String,java.lang.String)[pri:0, instance:testCases.TC03_AddToCart@21a21c64]" started-at="2026-08-09T00:58:32 EDT" name="openApp" finished-at="2026-08-09T00:58:48 EDT" duration-ms="15806" status="PASS">
          <params>
            <param index="0">
              <value>
                <![CDATA[windows]]>
              </value>
            </param>
            <param index="1">
              <value>
                <![CDATA[edge]]>
              </value>
            </param>
          </params>
          <reporter-output>
          </reporter-output>
        </test-method> <!-- openApp -->
        <test-method signature="testAddToCart()[pri:0, instance:testCases.TC03_AddToCart@21a21c64]" started-at="2026-08-09T00:58:48 EDT" name="testAddToCart" finished-at="2026-08-09T00:58:58 EDT" duration-ms="9755" status="PASS">
          <reporter-output>
          </reporter-output>
        </test-method> <!-- testAddToCart -->
        <test-method is-config="true" signature="closeApp()[pri:0, instance:testCases.TC03_AddToCart@21a21c64]" started-at="2026-08-09T00:58:58 EDT" name="closeApp" finished-at="2026-08-09T00:59:00 EDT" duration-ms="1861" status="PASS">
          <reporter-output>
          </reporter-output>
        </test-method> <!-- closeApp -->
      </class> <!-- testCases.TC03_AddToCart -->
      <class name="testCases.TC06_AddAffiliate">
        <test-method is-config="true" signature="openApp(java.lang.String,java.lang.String)[pri:0, instance:testCases.TC06_AddAffiliate@42bc14c1]" started-at="2026-08-09T00:59:25 EDT" name="openApp" finished-at="2026-08-09T00:59:34 EDT" duration-ms="8683" status="PASS">
          <params>
            <param index="0">
              <value>
                <![CDATA[windows]]>
              </value>
            </param>
            <param index="1">
              <value>
                <![CDATA[edge]]>
              </value>
            </param>
          </params>
          <reporter-output>
          </reporter-output>
        </test-method> <!-- openApp -->
        <test-method signature="testAddAffiliate()[pri:0, instance:testCases.TC06_AddAffiliate@42bc14c1]" started-at="2026-08-09T00:59:34 EDT" name="testAddAffiliate" finished-at="2026-08-09T00:59:51 EDT" duration-ms="16858" status="PASS">
          <reporter-output>
          </reporter-output>
        </test-method> <!-- testAddAffiliate -->
        <test-method is-config="true" signature="closeApp()[pri:0, instance:testCases.TC06_AddAffiliate@42bc14c1]" started-at="2026-08-09T00:59:51 EDT" name="closeApp" finished-at="2026-08-09T00:59:53 EDT" duration-ms="1962" status="PASS">
          <reporter-output>
          </reporter-output>
        </test-method> <!-- closeApp -->
      </class> <!-- testCases.TC06_AddAffiliate -->
      <class name="testCases.TC04_CompletePurchase">
        <test-method is-config="true" signature="openApp(java.lang.String,java.lang.String)[pri:0, instance:testCases.TC04_CompletePurchase@62ef27a8]" started-at="2026-08-09T01:00:42 EDT" name="openApp" finished-at="2026-08-09T01:00:51 EDT" duration-ms="8927" status="PASS">
          <params>
            <param index="0">
              <value>
                <![CDATA[windows]]>
              </value>
            </param>
            <param index="1">
              <value>
                <![CDATA[edge]]>
              </value>
            </param>
          </params>
          <reporter-output>
          </reporter-output>
        </test-method> <!-- openApp -->
        <test-method signature="testCompletePurchase()[pri:0, instance:testCases.TC04_CompletePurchase@62ef27a8]" started-at="2026-08-09T01:00:51 EDT" name="testCompletePurchase" finished-at="2026-08-09T01:01:13 EDT" duration-ms="21945" status="PASS">
          <reporter-output>
          </reporter-output>
        </test-method> <!-- testCompletePurchase -->
        <test-method is-config="true" signature="closeApp()[pri:0, instance:testCases.TC04_CompletePurchase@62ef27a8]" started-at="2026-08-09T01:01:13 EDT" name="closeApp" finished-at="2026-08-09T01:01:14 EDT" duration-ms="1316" status="PASS">
          <reporter-output>
          </reporter-output>
        </test-method> <!-- closeApp -->
      </class> <!-- testCases.TC04_CompletePurchase -->
    </test> <!-- edgeTest -->
    <test started-at="2026-08-09T00:58:06 EDT" name="chromeTest" finished-at="2026-08-09T01:01:14 EDT" duration-ms="188512">
      <class name="testCases.TC02_Login">
        <test-method is-config="true" signature="openApp(java.lang.String,java.lang.String)[pri:0, instance:testCases.TC02_Login@27d4a09]" started-at="2026-08-09T00:59:52 EDT" name="openApp" finished-at="2026-08-09T01:00:05 EDT" duration-ms="12336" status="PASS">
          <params>
            <param index="0">
              <value>
                <![CDATA[windows]]>
              </value>
            </param>
            <param index="1">
              <value>
                <![CDATA[chrome]]>
              </value>
            </param>
          </params>
          <reporter-output>
          </reporter-output>
        </test-method> <!-- openApp -->
        <test-method signature="testLogin(java.lang.String,java.lang.String)[pri:0, instance:testCases.TC02_Login@27d4a09]" started-at="2026-08-09T01:00:14 EDT" name="testLogin" data-provider="LoginData" finished-at="2026-08-09T01:00:21 EDT" duration-ms="6491" status="PASS">
          <params>
            <param index="0">
              <value>
                <![CDATA[smitasharma.qa@gmail.com]]>
              </value>
            </param>
            <param index="1">
              <value>
                <![CDATA[ss*QA123]]>
              </value>
            </param>
          </params>
          <reporter-output>
          </reporter-output>
        </test-method> <!-- testLogin -->
        <test-method signature="testLogin(java.lang.String,java.lang.String)[pri:0, instance:testCases.TC02_Login@27d4a09]" started-at="2026-08-09T01:00:21 EDT" name="testLogin" data-provider="LoginData" finished-at="2026-08-09T01:00:26 EDT" duration-ms="4682" status="PASS">
          <params>
            <param index="0">
              <value>
                <![CDATA[nona@yahoo.com]]>
              </value>
            </param>
            <param index="1">
              <value>
                <![CDATA[QWER!@#$]]>
              </value>
            </param>
          </params>
          <reporter-output>
          </reporter-output>
        </test-method> <!-- testLogin -->
        <test-method signature="testLogin(java.lang.String,java.lang.String)[pri:0, instance:testCases.TC02_Login@27d4a09]" started-at="2026-08-09T01:00:26 EDT" name="testLogin" data-provider="LoginData" finished-at="2026-08-09T01:00:31 EDT" duration-ms="5504" status="PASS">
          <params>
            <param index="0">
              <value>
                <![CDATA[sid@cloudberry.services]]>
              </value>
            </param>
            <param index="1">
              <value>
                <![CDATA[Test123]]>
              </value>
            </param>
          </params>
          <reporter-output>
          </reporter-output>
        </test-method> <!-- testLogin -->
        <test-method signature="testLogin(java.lang.String,java.lang.String)[pri:0, instance:testCases.TC02_Login@27d4a09]" started-at="2026-08-09T01:00:31 EDT" name="testLogin" data-provider="LoginData" finished-at="2026-08-09T01:00:36 EDT" duration-ms="4704" status="PASS">
          <params>
            <param index="0">
              <value>
                <![CDATA[apushedwoman@gmail.com]]>
              </value>
            </param>
            <param index="1">
              <value>
                <![CDATA[password123]]>
              </value>
            </param>
          </params>
          <reporter-output>
          </reporter-output>
        </test-method> <!-- testLogin -->
        <test-method signature="testLogin(java.lang.String,java.lang.String)[pri:0, instance:testCases.TC02_Login@27d4a09]" started-at="2026-08-09T01:00:36 EDT" name="testLogin" data-provider="LoginData" finished-at="2026-08-09T01:00:41 EDT" duration-ms="5021" status="PASS">
          <params>
            <param index="0">
              <value>
                <![CDATA[hichamkhachiai@gmail.com]]>
              </value>
            </param>
            <param index="1">
              <value>
                <![CDATA[hicham123]]>
              </value>
            </param>
          </params>
          <reporter-output>
          </reporter-output>
        </test-method> <!-- testLogin -->
        <test-method is-config="true" signature="closeApp()[pri:0, instance:testCases.TC02_Login@27d4a09]" started-at="2026-08-09T01:00:41 EDT" name="closeApp" finished-at="2026-08-09T01:00:43 EDT" duration-ms="1837" status="PASS">
          <reporter-output>
          </reporter-output>
        </test-method> <!-- closeApp -->
      </class> <!-- testCases.TC02_Login -->
      <class name="testCases.TC05_AddToWishList">
        <test-method is-config="true" signature="openApp(java.lang.String,java.lang.String)[pri:0, instance:testCases.TC05_AddToWishList@3fc9504b]" started-at="2026-08-09T00:58:59 EDT" name="openApp" finished-at="2026-08-09T00:59:10 EDT" duration-ms="11256" status="PASS">
          <params>
            <param index="0">
              <value>
                <![CDATA[windows]]>
              </value>
            </param>
            <param index="1">
              <value>
                <![CDATA[chrome]]>
              </value>
            </param>
          </params>
          <reporter-output>
          </reporter-output>
        </test-method> <!-- openApp -->
        <test-method signature="testAddToWishList()[pri:0, instance:testCases.TC05_AddToWishList@3fc9504b]" started-at="2026-08-09T00:59:10 EDT" name="testAddToWishList" finished-at="2026-08-09T00:59:24 EDT" duration-ms="13911" status="PASS">
          <reporter-output>
          </reporter-output>
        </test-method> <!-- testAddToWishList -->
        <test-method is-config="true" signature="closeApp()[pri:0, instance:testCases.TC05_AddToWishList@3fc9504b]" started-at="2026-08-09T00:59:24 EDT" name="closeApp" finished-at="2026-08-09T00:59:26 EDT" duration-ms="1344" status="PASS">
          <reporter-output>
          </reporter-output>
        </test-method> <!-- closeApp -->
      </class> <!-- testCases.TC05_AddToWishList -->
      <class name="testCases.TC01_LaunchApplication">
        <test-method is-config="true" signature="openApp(java.lang.String,java.lang.String)[pri:0, instance:testCases.TC01_LaunchApplication@53941c2f]" started-at="2026-08-09T00:58:06 EDT" name="openApp" finished-at="2026-08-09T00:58:29 EDT" duration-ms="23186" status="PASS">
          <params>
            <param index="0">
              <value>
                <![CDATA[windows]]>
              </value>
            </param>
            <param index="1">
              <value>
                <![CDATA[chrome]]>
              </value>
            </param>
          </params>
          <reporter-output>
          </reporter-output>
        </test-method> <!-- openApp -->
        <test-method signature="testLaunchApplication()[pri:0, instance:testCases.TC01_LaunchApplication@53941c2f]" started-at="2026-08-09T00:58:29 EDT" name="testLaunchApplication" finished-at="2026-08-09T00:58:29 EDT" duration-ms="142" status="PASS">
          <reporter-output>
          </reporter-output>
        </test-method> <!-- testLaunchApplication -->
        <test-method is-config="true" signature="closeApp()[pri:0, instance:testCases.TC01_LaunchApplication@53941c2f]" started-at="2026-08-09T00:58:29 EDT" name="closeApp" finished-at="2026-08-09T00:58:31 EDT" duration-ms="2195" status="PASS">
          <reporter-output>
          </reporter-output>
        </test-method> <!-- closeApp -->
      </class> <!-- testCases.TC01_LaunchApplication -->
      <class name="testCases.TC03_AddToCart">
        <test-method is-config="true" signature="openApp(java.lang.String,java.lang.String)[pri:0, instance:testCases.TC03_AddToCart@2e6a5539]" started-at="2026-08-09T00:58:31 EDT" name="openApp" finished-at="2026-08-09T00:58:48 EDT" duration-ms="16588" status="PASS">
          <params>
            <param index="0">
              <value>
                <![CDATA[windows]]>
              </value>
            </param>
            <param index="1">
              <value>
                <![CDATA[chrome]]>
              </value>
            </param>
          </params>
          <reporter-output>
          </reporter-output>
        </test-method> <!-- openApp -->
        <test-method signature="testAddToCart()[pri:0, instance:testCases.TC03_AddToCart@2e6a5539]" started-at="2026-08-09T00:58:48 EDT" name="testAddToCart" finished-at="2026-08-09T00:58:58 EDT" duration-ms="10194" status="PASS">
          <reporter-output>
          </reporter-output>
        </test-method> <!-- testAddToCart -->
        <test-method is-config="true" signature="closeApp()[pri:0, instance:testCases.TC03_AddToCart@2e6a5539]" started-at="2026-08-09T00:58:58 EDT" name="closeApp" finished-at="2026-08-09T00:58:59 EDT" duration-ms="1128" status="PASS">
          <reporter-output>
          </reporter-output>
        </test-method> <!-- closeApp -->
      </class> <!-- testCases.TC03_AddToCart -->
      <class name="testCases.TC06_AddAffiliate">
        <test-method is-config="true" signature="openApp(java.lang.String,java.lang.String)[pri:0, instance:testCases.TC06_AddAffiliate@6d025197]" started-at="2026-08-09T00:59:26 EDT" name="openApp" finished-at="2026-08-09T00:59:33 EDT" duration-ms="7759" status="PASS">
          <params>
            <param index="0">
              <value>
                <![CDATA[windows]]>
              </value>
            </param>
            <param index="1">
              <value>
                <![CDATA[chrome]]>
              </value>
            </param>
          </params>
          <reporter-output>
          </reporter-output>
        </test-method> <!-- openApp -->
        <test-method signature="testAddAffiliate()[pri:0, instance:testCases.TC06_AddAffiliate@6d025197]" started-at="2026-08-09T00:59:33 EDT" name="testAddAffiliate" finished-at="2026-08-09T00:59:49 EDT" duration-ms="15393" status="PASS">
          <reporter-output>
          </reporter-output>
        </test-method> <!-- testAddAffiliate -->
        <test-method is-config="true" signature="closeApp()[pri:0, instance:testCases.TC06_AddAffiliate@6d025197]" started-at="2026-08-09T00:59:49 EDT" name="closeApp" finished-at="2026-08-09T00:59:52 EDT" duration-ms="3433" status="PASS">
          <reporter-output>
          </reporter-output>
        </test-method> <!-- closeApp -->
      </class> <!-- testCases.TC06_AddAffiliate -->
      <class name="testCases.TC04_CompletePurchase">
        <test-method is-config="true" signature="openApp(java.lang.String,java.lang.String)[pri:0, instance:testCases.TC04_CompletePurchase@7e4204e2]" started-at="2026-08-09T01:00:43 EDT" name="openApp" finished-at="2026-08-09T01:00:54 EDT" duration-ms="11395" status="PASS">
          <params>
            <param index="0">
              <value>
                <![CDATA[windows]]>
              </value>
            </param>
            <param index="1">
              <value>
                <![CDATA[chrome]]>
              </value>
            </param>
          </params>
          <reporter-output>
          </reporter-output>
        </test-method> <!-- openApp -->
        <test-method signature="testCompletePurchase()[pri:0, instance:testCases.TC04_CompletePurchase@7e4204e2]" started-at="2026-08-09T01:00:54 EDT" name="testCompletePurchase" finished-at="2026-08-09T01:01:13 EDT" duration-ms="18716" status="PASS">
          <reporter-output>
          </reporter-output>
        </test-method> <!-- testCompletePurchase -->
        <test-method is-config="true" signature="closeApp()[pri:0, instance:testCases.TC04_CompletePurchase@7e4204e2]" started-at="2026-08-09T01:01:13 EDT" name="closeApp" finished-at="2026-08-09T01:01:14 EDT" duration-ms="1300" status="PASS">
          <reporter-output>
          </reporter-output>
        </test-method> <!-- closeApp -->
      </class> <!-- testCases.TC04_CompletePurchase -->
    </test> <!-- chromeTest -->
  </suite> <!-- Suite -->
</testng-results>
