<?xml version="1.0" encoding="UTF-8"?>
<!-- Generated by org.testng.reporters.JUnitReportReporter -->
<testsuite hostname="Johnny" failures="0" tests="2" name="testCases.TC04_CompletePurchase" time="40.661" errors="0" timestamp="2026-08-09T01:01:18 EDT" skipped="0">
  <testcase classname="testCases.TC04_CompletePurchase" name="testCompletePurchase" time="21.945"/>
  <testcase classname="testCases.TC04_CompletePurchase" name="testCompletePurchase" time="18.716"/>
</testsuite> <!-- testCases.TC04_CompletePurchase -->
