<?xml version="1.0" encoding="UTF-8"?>
<!-- Generated by org.testng.reporters.JUnitReportReporter -->
<testsuite hostname="Johnny" failures="0" tests="10" name="testCases.TC02_Login" time="52.596" errors="0" timestamp="2026-08-09T01:01:18 EDT" skipped="0">
  <testcase classname="testCases.TC02_Login" name="testLogin" time="4.564"/>
  <testcase classname="testCases.TC02_Login" name="testLogin" time="4.682"/>
  <testcase classname="testCases.TC02_Login" name="testLogin" time="5.504"/>
  <testcase classname="testCases.TC02_Login" name="testLogin" time="5.524"/>
  <testcase classname="testCases.TC02_Login" name="testLogin" time="4.493"/>
  <testcase classname="testCases.TC02_Login" name="testLogin" time="4.704"/>
  <testcase classname="testCases.TC02_Login" name="testLogin" time="5.021"/>
  <testcase classname="testCases.TC02_Login" name="testLogin" time="6.505"/>
  <testcase classname="testCases.TC02_Login" name="testLogin" time="5.108"/>
  <testcase classname="testCases.TC02_Login" name="testLogin" time="6.491"/>
</testsuite> <!-- testCases.TC02_Login -->
