<?xml version="1.0" encoding="UTF-8"?>
<!-- Generated by org.testng.reporters.JUnitReportReporter -->
<testsuite hostname="Johnny" failures="0" tests="2" name="testCases.TC01_LaunchApplication" time="0.884" errors="0" timestamp="2026-08-09T01:01:17 EDT" skipped="0">
  <testcase classname="testCases.TC01_LaunchApplication" name="testLaunchApplication" time="0.742"/>
  <testcase classname="testCases.TC01_LaunchApplication" name="testLaunchApplication" time="0.142"/>
</testsuite> <!-- testCases.TC01_LaunchApplication -->
