<?xml version="1.0" encoding="UTF-8"?>
<!-- Generated by org.testng.reporters.JUnitReportReporter -->
<testsuite hostname="Johnny" failures="0" tests="2" name="testCases.TC05_AddToWishList" time="27.125" errors="0" timestamp="2026-08-09T01:01:17 EDT" skipped="0">
  <testcase classname="testCases.TC05_AddToWishList" name="testAddToWishList" time="13.214"/>
  <testcase classname="testCases.TC05_AddToWishList" name="testAddToWishList" time="13.911"/>
</testsuite> <!-- testCases.TC05_AddToWishList -->
