<?xml version="1.0" encoding="UTF-8"?>
<!-- Generated by org.testng.reporters.JUnitReportReporter -->
<testsuite hostname="Johnny" failures="0" tests="10" name="testCases.TC02_Login" time="58.736" errors="0" timestamp="2026-08-10T19:53:23 EDT" skipped="0">
  <testcase classname="testCases.TC02_Login" name="testLogin" time="4.784"/>
  <testcase classname="testCases.TC02_Login" name="testLogin" time="7.362"/>
  <testcase classname="testCases.TC02_Login" name="testLogin" time="4.679"/>
  <testcase classname="testCases.TC02_Login" name="testLogin" time="3.483"/>
  <testcase classname="testCases.TC02_Login" name="testLogin" time="4.682"/>
  <testcase classname="testCases.TC02_Login" name="testLogin" time="4.454"/>
  <testcase classname="testCases.TC02_Login" name="testLogin" time="5.076"/>
  <testcase classname="testCases.TC02_Login" name="testLogin" time="7.540"/>
  <testcase classname="testCases.TC02_Login" name="testLogin" time="10.702"/>
  <testcase classname="testCases.TC02_Login" name="testLogin" time="5.974"/>
</testsuite> <!-- testCases.TC02_Login -->
