<?xml version="1.0" encoding="UTF-8"?>
<!-- Generated by org.testng.reporters.JUnitReportReporter -->
<testsuite hostname="Johnny" failures="0" tests="2" name="testCases.TC05_AddToWishList" time="31.708" errors="0" timestamp="2026-08-10T19:53:23 EDT" skipped="0">
  <testcase classname="testCases.TC05_AddToWishList" name="testAddToWishList" time="16.114"/>
  <testcase classname="testCases.TC05_AddToWishList" name="testAddToWishList" time="15.594"/>
</testsuite> <!-- testCases.TC05_AddToWishList -->
