<?xml version="1.0" encoding="UTF-8"?>
<!-- Generated by org.testng.reporters.JUnitReportReporter -->
<testsuite hostname="Johnny" failures="0" tests="2" name="testCases.TC01_LaunchApplication" time="1.029" errors="0" timestamp="2026-08-10T19:53:22 EDT" skipped="0">
  <testcase classname="testCases.TC01_LaunchApplication" name="testLaunchApplication" time="0.713"/>
  <testcase classname="testCases.TC01_LaunchApplication" name="testLaunchApplication" time="0.316"/>
</testsuite> <!-- testCases.TC01_LaunchApplication -->
