<?xml version="1.0" encoding="UTF-8"?>
<!-- Generated by org.testng.reporters.JUnitReportReporter -->
<testsuite hostname="Johnny" failures="0" tests="2" name="testCases.TC04_CompletePurchase" time="77.337" errors="0" timestamp="2026-08-10T19:53:23 EDT" skipped="0">
  <testcase classname="testCases.TC04_CompletePurchase" name="testCompletePurchase" time="33.401"/>
  <testcase classname="testCases.TC04_CompletePurchase" name="testCompletePurchase" time="43.936"/>
</testsuite> <!-- testCases.TC04_CompletePurchase -->
